mode: set
github.com/open-telemetry/opentelemetry-collector-contrib/receiver/mysqlreceiver/client.go:232.51,234.16 2 0
github.com/open-telemetry/opentelemetry-collector-contrib/receiver/mysqlreceiver/client.go:234.16,236.3 1 0
github.com/open-telemetry/opentelemetry-collector-contrib/receiver/mysqlreceiver/client.go:237.2,238.16 2 0
github.com/open-telemetry/opentelemetry-collector-contrib/receiver/mysqlreceiver/client.go:238.16,240.17 2 0
github.com/open-telemetry/opentelemetry-collector-contrib/receiver/mysqlreceiver/client.go:240.17,242.4 1 0
github.com/open-telemetry/opentelemetry-collector-contrib/receiver/mysqlreceiver/client.go:243.3,243.23 1 0
github.com/open-telemetry/opentelemetry-collector-contrib/receiver/mysqlreceiver/client.go:246.2,263.8 3 0
github.com/open-telemetry/opentelemetry-collector-contrib/receiver/mysqlreceiver/client.go:266.39,268.16 2 0
github.com/open-telemetry/opentelemetry-collector-contrib/receiver/mysqlreceiver/client.go:268.16,270.3 1 0
github.com/open-telemetry/opentelemetry-collector-contrib/receiver/mysqlreceiver/client.go:271.2,272.12 2 0
github.com/open-telemetry/opentelemetry-collector-contrib/receiver/mysqlreceiver/client.go:276.62,280.16 4 0
github.com/open-telemetry/opentelemetry-collector-contrib/receiver/mysqlreceiver/client.go:280.16,282.3 1 0
github.com/open-telemetry/opentelemetry-collector-contrib/receiver/mysqlreceiver/client.go:283.2,284.21 2 0
github.com/open-telemetry/opentelemetry-collector-contrib/receiver/mysqlreceiver/client.go:288.67,291.2 2 0
github.com/open-telemetry/opentelemetry-collector-contrib/receiver/mysqlreceiver/client.go:294.67,297.2 2 0
github.com/open-telemetry/opentelemetry-collector-contrib/receiver/mysqlreceiver/client.go:300.61,309.16 3 0
github.com/open-telemetry/opentelemetry-collector-contrib/receiver/mysqlreceiver/client.go:309.16,311.3 1 0
github.com/open-telemetry/opentelemetry-collector-contrib/receiver/mysqlreceiver/client.go:312.2,314.18 3 0
github.com/open-telemetry/opentelemetry-collector-contrib/receiver/mysqlreceiver/client.go:314.18,319.17 3 0
github.com/open-telemetry/opentelemetry-collector-contrib/receiver/mysqlreceiver/client.go:319.17,321.4 1 0
github.com/open-telemetry/opentelemetry-collector-contrib/receiver/mysqlreceiver/client.go:322.3,322.27 1 0
github.com/open-telemetry/opentelemetry-collector-contrib/receiver/mysqlreceiver/client.go:325.2,325.19 1 0
github.com/open-telemetry/opentelemetry-collector-contrib/receiver/mysqlreceiver/client.go:329.75,336.16 3 0
github.com/open-telemetry/opentelemetry-collector-contrib/receiver/mysqlreceiver/client.go:336.16,338.3 1 0
github.com/open-telemetry/opentelemetry-collector-contrib/receiver/mysqlreceiver/client.go:339.2,341.18 3 0
github.com/open-telemetry/opentelemetry-collector-contrib/receiver/mysqlreceiver/client.go:341.18,346.17 3 0
github.com/open-telemetry/opentelemetry-collector-contrib/receiver/mysqlreceiver/client.go:346.17,348.4 1 0
github.com/open-telemetry/opentelemetry-collector-contrib/receiver/mysqlreceiver/client.go:349.3,349.27 1 0
github.com/open-telemetry/opentelemetry-collector-contrib/receiver/mysqlreceiver/client.go:352.2,352.19 1 0
github.com/open-telemetry/opentelemetry-collector-contrib/receiver/mysqlreceiver/client.go:356.75,364.16 3 0
github.com/open-telemetry/opentelemetry-collector-contrib/receiver/mysqlreceiver/client.go:364.16,366.3 1 0
github.com/open-telemetry/opentelemetry-collector-contrib/receiver/mysqlreceiver/client.go:367.2,369.18 3 0
github.com/open-telemetry/opentelemetry-collector-contrib/receiver/mysqlreceiver/client.go:369.18,374.17 3 0
github.com/open-telemetry/opentelemetry-collector-contrib/receiver/mysqlreceiver/client.go:374.17,376.4 1 0
github.com/open-telemetry/opentelemetry-collector-contrib/receiver/mysqlreceiver/client.go:377.3,377.27 1 0
github.com/open-telemetry/opentelemetry-collector-contrib/receiver/mysqlreceiver/client.go:380.2,380.19 1 0
github.com/open-telemetry/opentelemetry-collector-contrib/receiver/mysqlreceiver/client.go:383.80,399.16 3 0
github.com/open-telemetry/opentelemetry-collector-contrib/receiver/mysqlreceiver/client.go:399.16,401.3 1 0
github.com/open-telemetry/opentelemetry-collector-contrib/receiver/mysqlreceiver/client.go:402.2,405.18 3 0
github.com/open-telemetry/opentelemetry-collector-contrib/receiver/mysqlreceiver/client.go:405.18,411.17 3 0
github.com/open-telemetry/opentelemetry-collector-contrib/receiver/mysqlreceiver/client.go:411.17,413.4 1 0
github.com/open-telemetry/opentelemetry-collector-contrib/receiver/mysqlreceiver/client.go:414.3,414.27 1 0
github.com/open-telemetry/opentelemetry-collector-contrib/receiver/mysqlreceiver/client.go:417.2,417.19 1 0
github.com/open-telemetry/opentelemetry-collector-contrib/receiver/mysqlreceiver/client.go:420.87,432.16 3 0
github.com/open-telemetry/opentelemetry-collector-contrib/receiver/mysqlreceiver/client.go:432.16,434.3 1 0
github.com/open-telemetry/opentelemetry-collector-contrib/receiver/mysqlreceiver/client.go:435.2,438.18 3 0
github.com/open-telemetry/opentelemetry-collector-contrib/receiver/mysqlreceiver/client.go:438.18,445.17 3 0
github.com/open-telemetry/opentelemetry-collector-contrib/receiver/mysqlreceiver/client.go:445.17,447.4 1 0
github.com/open-telemetry/opentelemetry-collector-contrib/receiver/mysqlreceiver/client.go:448.3,448.27 1 0
github.com/open-telemetry/opentelemetry-collector-contrib/receiver/mysqlreceiver/client.go:451.2,451.19 1 0
github.com/open-telemetry/opentelemetry-collector-contrib/receiver/mysqlreceiver/client.go:454.77,456.16 2 0
github.com/open-telemetry/opentelemetry-collector-contrib/receiver/mysqlreceiver/client.go:456.16,458.3 1 0
github.com/open-telemetry/opentelemetry-collector-contrib/receiver/mysqlreceiver/client.go:460.2,462.56 3 0
github.com/open-telemetry/opentelemetry-collector-contrib/receiver/mysqlreceiver/client.go:462.56,464.3 1 0
github.com/open-telemetry/opentelemetry-collector-contrib/receiver/mysqlreceiver/client.go:464.8,464.51 1 0
github.com/open-telemetry/opentelemetry-collector-contrib/receiver/mysqlreceiver/client.go:464.51,466.3 1 0
github.com/open-telemetry/opentelemetry-collector-contrib/receiver/mysqlreceiver/client.go:468.2,469.16 2 0
github.com/open-telemetry/opentelemetry-collector-contrib/receiver/mysqlreceiver/client.go:469.16,471.3 1 0
github.com/open-telemetry/opentelemetry-collector-contrib/receiver/mysqlreceiver/client.go:473.2,475.16 3 0
github.com/open-telemetry/opentelemetry-collector-contrib/receiver/mysqlreceiver/client.go:475.16,477.3 1 0
github.com/open-telemetry/opentelemetry-collector-contrib/receiver/mysqlreceiver/client.go:479.2,480.18 2 0
github.com/open-telemetry/opentelemetry-collector-contrib/receiver/mysqlreceiver/client.go:480.18,483.28 3 0
github.com/open-telemetry/opentelemetry-collector-contrib/receiver/mysqlreceiver/client.go:483.28,484.32 1 0
github.com/open-telemetry/opentelemetry-collector-contrib/receiver/mysqlreceiver/client.go:485.28,486.43 1 0
github.com/open-telemetry/opentelemetry-collector-contrib/receiver/mysqlreceiver/client.go:487.26,488.43 1 0
github.com/open-telemetry/opentelemetry-collector-contrib/receiver/mysqlreceiver/client.go:489.23,490.39 1 0
github.com/open-telemetry/opentelemetry-collector-contrib/receiver/mysqlreceiver/client.go:491.23,492.39 1 0
github.com/open-telemetry/opentelemetry-collector-contrib/receiver/mysqlreceiver/client.go:493.23,494.39 1 0
github.com/open-telemetry/opentelemetry-collector-contrib/receiver/mysqlreceiver/client.go:495.23,496.39 1 0
github.com/open-telemetry/opentelemetry-collector-contrib/receiver/mysqlreceiver/client.go:497.23,498.39 1 0
github.com/open-telemetry/opentelemetry-collector-contrib/receiver/mysqlreceiver/client.go:499.23,500.39 1 0
github.com/open-telemetry/opentelemetry-collector-contrib/receiver/mysqlreceiver/client.go:501.25,502.41 1 0
github.com/open-telemetry/opentelemetry-collector-contrib/receiver/mysqlreceiver/client.go:503.27,504.42 1 0
github.com/open-telemetry/opentelemetry-collector-contrib/receiver/mysqlreceiver/client.go:505.27,506.42 1 0
github.com/open-telemetry/opentelemetry-collector-contrib/receiver/mysqlreceiver/client.go:507.31,508.45 1 0
github.com/open-telemetry/opentelemetry-collector-contrib/receiver/mysqlreceiver/client.go:509.31,510.45 1 0
github.com/open-telemetry/opentelemetry-collector-contrib/receiver/mysqlreceiver/client.go:511.26,512.41 1 0
github.com/open-telemetry/opentelemetry-collector-contrib/receiver/mysqlreceiver/client.go:513.25,514.40 1 0
github.com/open-telemetry/opentelemetry-collector-contrib/receiver/mysqlreceiver/client.go:515.33,516.47 1 0
github.com/open-telemetry/opentelemetry-collector-contrib/receiver/mysqlreceiver/client.go:517.33,518.47 1 0
github.com/open-telemetry/opentelemetry-collector-contrib/receiver/mysqlreceiver/client.go:519.30,520.45 1 0
github.com/open-telemetry/opentelemetry-collector-contrib/receiver/mysqlreceiver/client.go:521.28,522.45 1 0
github.com/open-telemetry/opentelemetry-collector-contrib/receiver/mysqlreceiver/client.go:523.31,524.46 1 0
github.com/open-telemetry/opentelemetry-collector-contrib/receiver/mysqlreceiver/client.go:525.29,526.46 1 0
github.com/open-telemetry/opentelemetry-collector-contrib/receiver/mysqlreceiver/client.go:527.27,528.42 1 0
github.com/open-telemetry/opentelemetry-collector-contrib/receiver/mysqlreceiver/client.go:529.31,530.46 1 0
github.com/open-telemetry/opentelemetry-collector-contrib/receiver/mysqlreceiver/client.go:531.30,532.45 1 0
github.com/open-telemetry/opentelemetry-collector-contrib/receiver/mysqlreceiver/client.go:533.34,534.49 1 0
github.com/open-telemetry/opentelemetry-collector-contrib/receiver/mysqlreceiver/client.go:535.35,536.49 1 0
github.com/open-telemetry/opentelemetry-collector-contrib/receiver/mysqlreceiver/client.go:537.39,538.53 1 0
github.com/open-telemetry/opentelemetry-collector-contrib/receiver/mysqlreceiver/client.go:539.22,540.38 1 0
github.com/open-telemetry/opentelemetry-collector-contrib/receiver/mysqlreceiver/client.go:541.22,542.38 1 0
github.com/open-telemetry/opentelemetry-collector-contrib/receiver/mysqlreceiver/client.go:543.24,544.40 1 0
github.com/open-telemetry/opentelemetry-collector-contrib/receiver/mysqlreceiver/client.go:545.31,546.45 1 0
github.com/open-telemetry/opentelemetry-collector-contrib/receiver/mysqlreceiver/client.go:547.31,548.45 1 0
github.com/open-telemetry/opentelemetry-collector-contrib/receiver/mysqlreceiver/client.go:549.27,550.42 1 0
github.com/open-telemetry/opentelemetry-collector-contrib/receiver/mysqlreceiver/client.go:551.27,552.43 1 0
github.com/open-telemetry/opentelemetry-collector-contrib/receiver/mysqlreceiver/client.go:553.26,554.41 1 0
github.com/open-telemetry/opentelemetry-collector-contrib/receiver/mysqlreceiver/client.go:555.25,556.40 1 0
github.com/open-telemetry/opentelemetry-collector-contrib/receiver/mysqlreceiver/client.go:557.30,558.45 1 0
github.com/open-telemetry/opentelemetry-collector-contrib/receiver/mysqlreceiver/client.go:559.30,560.45 1 0
github.com/open-telemetry/opentelemetry-collector-contrib/receiver/mysqlreceiver/client.go:561.30,562.44 1 0
github.com/open-telemetry/opentelemetry-collector-contrib/receiver/mysqlreceiver/client.go:563.30,564.44 1 0
github.com/open-telemetry/opentelemetry-collector-contrib/receiver/mysqlreceiver/client.go:565.30,566.44 1 0
github.com/open-telemetry/opentelemetry-collector-contrib/receiver/mysqlreceiver/client.go:567.30,568.44 1 0
github.com/open-telemetry/opentelemetry-collector-contrib/receiver/mysqlreceiver/client.go:569.27,570.42 1 0
github.com/open-telemetry/opentelemetry-collector-contrib/receiver/mysqlreceiver/client.go:571.27,572.42 1 0
github.com/open-telemetry/opentelemetry-collector-contrib/receiver/mysqlreceiver/client.go:573.29,574.44 1 0
github.com/open-telemetry/opentelemetry-collector-contrib/receiver/mysqlreceiver/client.go:575.29,576.44 1 0
github.com/open-telemetry/opentelemetry-collector-contrib/receiver/mysqlreceiver/client.go:577.26,578.41 1 0
github.com/open-telemetry/opentelemetry-collector-contrib/receiver/mysqlreceiver/client.go:579.26,580.41 1 0
github.com/open-telemetry/opentelemetry-collector-contrib/receiver/mysqlreceiver/client.go:581.33,582.48 1 0
github.com/open-telemetry/opentelemetry-collector-contrib/receiver/mysqlreceiver/client.go:583.33,584.48 1 0
github.com/open-telemetry/opentelemetry-collector-contrib/receiver/mysqlreceiver/client.go:585.41,586.54 1 0
github.com/open-telemetry/opentelemetry-collector-contrib/receiver/mysqlreceiver/client.go:587.41,588.54 1 0
github.com/open-telemetry/opentelemetry-collector-contrib/receiver/mysqlreceiver/client.go:589.25,590.40 1 0
github.com/open-telemetry/opentelemetry-collector-contrib/receiver/mysqlreceiver/client.go:591.25,592.40 1 0
github.com/open-telemetry/opentelemetry-collector-contrib/receiver/mysqlreceiver/client.go:593.26,594.41 1 0
github.com/open-telemetry/opentelemetry-collector-contrib/receiver/mysqlreceiver/client.go:595.26,596.41 1 0
github.com/open-telemetry/opentelemetry-collector-contrib/receiver/mysqlreceiver/client.go:597.39,598.53 1 0
github.com/open-telemetry/opentelemetry-collector-contrib/receiver/mysqlreceiver/client.go:599.28,600.43 1 0
github.com/open-telemetry/opentelemetry-collector-contrib/receiver/mysqlreceiver/client.go:601.28,602.43 1 0
github.com/open-telemetry/opentelemetry-collector-contrib/receiver/mysqlreceiver/client.go:603.23,604.39 1 0
github.com/open-telemetry/opentelemetry-collector-contrib/receiver/mysqlreceiver/client.go:605.23,606.39 1 0
github.com/open-telemetry/opentelemetry-collector-contrib/receiver/mysqlreceiver/client.go:607.28,608.43 1 0
github.com/open-telemetry/opentelemetry-collector-contrib/receiver/mysqlreceiver/client.go:609.28,610.43 1 0
github.com/open-telemetry/opentelemetry-collector-contrib/receiver/mysqlreceiver/client.go:611.21,612.37 1 0
github.com/open-telemetry/opentelemetry-collector-contrib/receiver/mysqlreceiver/client.go:613.31,614.46 1 0
github.com/open-telemetry/opentelemetry-collector-contrib/receiver/mysqlreceiver/client.go:615.37,616.51 1 0
github.com/open-telemetry/opentelemetry-collector-contrib/receiver/mysqlreceiver/client.go:617.35,618.51 1 0
github.com/open-telemetry/opentelemetry-collector-contrib/receiver/mysqlreceiver/client.go:619.30,620.45 1 0
github.com/open-telemetry/opentelemetry-collector-contrib/receiver/mysqlreceiver/client.go:621.30,622.45 1 0
github.com/open-telemetry/opentelemetry-collector-contrib/receiver/mysqlreceiver/client.go:623.23,624.39 1 0
github.com/open-telemetry/opentelemetry-collector-contrib/receiver/mysqlreceiver/client.go:625.23,626.39 1 0
github.com/open-telemetry/opentelemetry-collector-contrib/receiver/mysqlreceiver/client.go:627.35,628.49 1 0
github.com/open-telemetry/opentelemetry-collector-contrib/receiver/mysqlreceiver/client.go:629.36,630.50 1 0
github.com/open-telemetry/opentelemetry-collector-contrib/receiver/mysqlreceiver/client.go:631.26,632.41 1 0
github.com/open-telemetry/opentelemetry-collector-contrib/receiver/mysqlreceiver/client.go:633.26,634.41 1 0
github.com/open-telemetry/opentelemetry-collector-contrib/receiver/mysqlreceiver/client.go:635.30,636.45 1 0
github.com/open-telemetry/opentelemetry-collector-contrib/receiver/mysqlreceiver/client.go:637.30,638.45 1 0
github.com/open-telemetry/opentelemetry-collector-contrib/receiver/mysqlreceiver/client.go:639.30,640.45 1 0
github.com/open-telemetry/opentelemetry-collector-contrib/receiver/mysqlreceiver/client.go:641.29,642.44 1 0
github.com/open-telemetry/opentelemetry-collector-contrib/receiver/mysqlreceiver/client.go:643.25,644.41 1 0
github.com/open-telemetry/opentelemetry-collector-contrib/receiver/mysqlreceiver/client.go:645.32,646.47 1 0
github.com/open-telemetry/opentelemetry-collector-contrib/receiver/mysqlreceiver/client.go:647.24,648.40 1 0
github.com/open-telemetry/opentelemetry-collector-contrib/receiver/mysqlreceiver/client.go:649.30,650.45 1 0
github.com/open-telemetry/opentelemetry-collector-contrib/receiver/mysqlreceiver/client.go:651.30,652.45 1 0
github.com/open-telemetry/opentelemetry-collector-contrib/receiver/mysqlreceiver/client.go:653.34,654.48 1 0
github.com/open-telemetry/opentelemetry-collector-contrib/receiver/mysqlreceiver/client.go:655.34,656.48 1 0
github.com/open-telemetry/opentelemetry-collector-contrib/receiver/mysqlreceiver/client.go:657.33,658.47 1 0
github.com/open-telemetry/opentelemetry-collector-contrib/receiver/mysqlreceiver/client.go:659.33,660.47 1 0
github.com/open-telemetry/opentelemetry-collector-contrib/receiver/mysqlreceiver/client.go:661.29,662.45 1 0
github.com/open-telemetry/opentelemetry-collector-contrib/receiver/mysqlreceiver/client.go:663.22,664.38 1 0
github.com/open-telemetry/opentelemetry-collector-contrib/receiver/mysqlreceiver/client.go:665.23,666.38 1 0
github.com/open-telemetry/opentelemetry-collector-contrib/receiver/mysqlreceiver/client.go:667.28,668.43 1 0
github.com/open-telemetry/opentelemetry-collector-contrib/receiver/mysqlreceiver/client.go:669.42,670.56 1 0
github.com/open-telemetry/opentelemetry-collector-contrib/receiver/mysqlreceiver/client.go:671.38,672.53 1 0
github.com/open-telemetry/opentelemetry-collector-contrib/receiver/mysqlreceiver/client.go:673.32,674.48 1 0
github.com/open-telemetry/opentelemetry-collector-contrib/receiver/mysqlreceiver/client.go:675.30,676.44 1 0
github.com/open-telemetry/opentelemetry-collector-contrib/receiver/mysqlreceiver/client.go:677.32,678.47 1 0
github.com/open-telemetry/opentelemetry-collector-contrib/receiver/mysqlreceiver/client.go:679.37,680.52 1 0
github.com/open-telemetry/opentelemetry-collector-contrib/receiver/mysqlreceiver/client.go:681.34,682.49 1 0
github.com/open-telemetry/opentelemetry-collector-contrib/receiver/mysqlreceiver/client.go:683.26,684.41 1 0
github.com/open-telemetry/opentelemetry-collector-contrib/receiver/mysqlreceiver/client.go:685.34,686.48 1 0
github.com/open-telemetry/opentelemetry-collector-contrib/receiver/mysqlreceiver/client.go:687.33,688.47 1 0
github.com/open-telemetry/opentelemetry-collector-contrib/receiver/mysqlreceiver/client.go:689.34,690.48 1 0
github.com/open-telemetry/opentelemetry-collector-contrib/receiver/mysqlreceiver/client.go:691.25,692.41 1 0
github.com/open-telemetry/opentelemetry-collector-contrib/receiver/mysqlreceiver/client.go:693.35,694.49 1 0
github.com/open-telemetry/opentelemetry-collector-contrib/receiver/mysqlreceiver/client.go:695.39,696.53 1 0
github.com/open-telemetry/opentelemetry-collector-contrib/receiver/mysqlreceiver/client.go:697.12,698.77 1 0
github.com/open-telemetry/opentelemetry-collector-contrib/receiver/mysqlreceiver/client.go:701.3,702.17 2 0
github.com/open-telemetry/opentelemetry-collector-contrib/receiver/mysqlreceiver/client.go:702.17,704.4 1 0
github.com/open-telemetry/opentelemetry-collector-contrib/receiver/mysqlreceiver/client.go:705.3,705.27 1 0
github.com/open-telemetry/opentelemetry-collector-contrib/receiver/mysqlreceiver/client.go:708.2,708.19 1 0
github.com/open-telemetry/opentelemetry-collector-contrib/receiver/mysqlreceiver/client.go:714.89,721.17 3 0
github.com/open-telemetry/opentelemetry-collector-contrib/receiver/mysqlreceiver/client.go:721.17,723.3 1 0
github.com/open-telemetry/opentelemetry-collector-contrib/receiver/mysqlreceiver/client.go:725.2,726.16 2 0
github.com/open-telemetry/opentelemetry-collector-contrib/receiver/mysqlreceiver/client.go:726.16,728.3 1 0
github.com/open-telemetry/opentelemetry-collector-contrib/receiver/mysqlreceiver/client.go:730.2,733.18 3 0
github.com/open-telemetry/opentelemetry-collector-contrib/receiver/mysqlreceiver/client.go:733.18,743.17 3 0
github.com/open-telemetry/opentelemetry-collector-contrib/receiver/mysqlreceiver/client.go:743.17,745.4 1 0
github.com/open-telemetry/opentelemetry-collector-contrib/receiver/mysqlreceiver/client.go:746.3,746.38 1 0
github.com/open-telemetry/opentelemetry-collector-contrib/receiver/mysqlreceiver/client.go:748.2,748.24 1 0
github.com/open-telemetry/opentelemetry-collector-contrib/receiver/mysqlreceiver/client.go:754.76,760.17 3 0
github.com/open-telemetry/opentelemetry-collector-contrib/receiver/mysqlreceiver/client.go:760.17,762.3 1 0
github.com/open-telemetry/opentelemetry-collector-contrib/receiver/mysqlreceiver/client.go:764.2,765.16 2 0
github.com/open-telemetry/opentelemetry-collector-contrib/receiver/mysqlreceiver/client.go:765.16,767.3 1 0
github.com/open-telemetry/opentelemetry-collector-contrib/receiver/mysqlreceiver/client.go:769.2,772.18 3 0
github.com/open-telemetry/opentelemetry-collector-contrib/receiver/mysqlreceiver/client.go:772.18,787.17 3 0
github.com/open-telemetry/opentelemetry-collector-contrib/receiver/mysqlreceiver/client.go:787.17,789.4 1 0
github.com/open-telemetry/opentelemetry-collector-contrib/receiver/mysqlreceiver/client.go:791.3,791.31 1 0
github.com/open-telemetry/opentelemetry-collector-contrib/receiver/mysqlreceiver/client.go:794.2,794.21 1 0
github.com/open-telemetry/opentelemetry-collector-contrib/receiver/mysqlreceiver/client.go:797.97,799.41 1 0
github.com/open-telemetry/opentelemetry-collector-contrib/receiver/mysqlreceiver/client.go:799.41,802.3 2 0
github.com/open-telemetry/opentelemetry-collector-contrib/receiver/mysqlreceiver/client.go:804.2,804.36 1 0
github.com/open-telemetry/opentelemetry-collector-contrib/receiver/mysqlreceiver/client.go:804.36,807.3 2 0
github.com/open-telemetry/opentelemetry-collector-contrib/receiver/mysqlreceiver/client.go:809.2,809.18 1 0
github.com/open-telemetry/opentelemetry-collector-contrib/receiver/mysqlreceiver/client.go:809.18,810.102 1 0
github.com/open-telemetry/opentelemetry-collector-contrib/receiver/mysqlreceiver/client.go:810.102,813.4 2 0
github.com/open-telemetry/opentelemetry-collector-contrib/receiver/mysqlreceiver/client.go:816.2,818.16 3 0
github.com/open-telemetry/opentelemetry-collector-contrib/receiver/mysqlreceiver/client.go:818.16,821.3 2 0
github.com/open-telemetry/opentelemetry-collector-contrib/receiver/mysqlreceiver/client.go:822.2,822.16 1 0
github.com/open-telemetry/opentelemetry-collector-contrib/receiver/mysqlreceiver/client.go:822.16,824.3 1 0
github.com/open-telemetry/opentelemetry-collector-contrib/receiver/mysqlreceiver/client.go:825.2,825.13 1 0
github.com/open-telemetry/opentelemetry-collector-contrib/receiver/mysqlreceiver/client.go:833.53,836.79 3 0
github.com/open-telemetry/opentelemetry-collector-contrib/receiver/mysqlreceiver/client.go:836.79,839.3 2 0
github.com/open-telemetry/opentelemetry-collector-contrib/receiver/mysqlreceiver/client.go:840.2,840.18 1 0
github.com/open-telemetry/opentelemetry-collector-contrib/receiver/mysqlreceiver/client.go:840.18,842.3 1 0
github.com/open-telemetry/opentelemetry-collector-contrib/receiver/mysqlreceiver/client.go:843.2,843.41 1 0
github.com/open-telemetry/opentelemetry-collector-contrib/receiver/mysqlreceiver/client.go:848.44,862.84 3 0
github.com/open-telemetry/opentelemetry-collector-contrib/receiver/mysqlreceiver/client.go:862.84,864.3 1 0
github.com/open-telemetry/opentelemetry-collector-contrib/receiver/mysqlreceiver/client.go:866.2,868.46 2 0
github.com/open-telemetry/opentelemetry-collector-contrib/receiver/mysqlreceiver/client.go:868.46,869.45 1 0
github.com/open-telemetry/opentelemetry-collector-contrib/receiver/mysqlreceiver/client.go:869.45,871.4 1 0
github.com/open-telemetry/opentelemetry-collector-contrib/receiver/mysqlreceiver/client.go:873.2,873.14 1 0
github.com/open-telemetry/opentelemetry-collector-contrib/receiver/mysqlreceiver/client.go:876.68,878.16 2 0
github.com/open-telemetry/opentelemetry-collector-contrib/receiver/mysqlreceiver/client.go:878.16,880.3 1 0
github.com/open-telemetry/opentelemetry-collector-contrib/receiver/mysqlreceiver/client.go:881.2,883.18 3 0
github.com/open-telemetry/opentelemetry-collector-contrib/receiver/mysqlreceiver/client.go:883.18,885.47 2 0
github.com/open-telemetry/opentelemetry-collector-contrib/receiver/mysqlreceiver/client.go:885.47,887.4 1 0
github.com/open-telemetry/opentelemetry-collector-contrib/receiver/mysqlreceiver/client.go:888.3,888.19 1 0
github.com/open-telemetry/opentelemetry-collector-contrib/receiver/mysqlreceiver/client.go:891.2,891.19 1 0
github.com/open-telemetry/opentelemetry-collector-contrib/receiver/mysqlreceiver/client.go:894.37,895.21 1 0
github.com/open-telemetry/opentelemetry-collector-contrib/receiver/mysqlreceiver/client.go:895.21,897.3 1 0
github.com/open-telemetry/opentelemetry-collector-contrib/receiver/mysqlreceiver/client.go:898.2,898.12 1 0
github.com/open-telemetry/opentelemetry-collector-contrib/receiver/mysqlreceiver/config.go:61.67,62.28 1 0
github.com/open-telemetry/opentelemetry-collector-contrib/receiver/mysqlreceiver/config.go:62.28,65.3 1 0
github.com/open-telemetry/opentelemetry-collector-contrib/receiver/mysqlreceiver/config.go:69.2,69.35 1 0
github.com/open-telemetry/opentelemetry-collector-contrib/receiver/mysqlreceiver/config.go:69.35,72.3 2 0
github.com/open-telemetry/opentelemetry-collector-contrib/receiver/mysqlreceiver/config.go:74.2,74.39 1 0
github.com/open-telemetry/opentelemetry-collector-contrib/receiver/mysqlreceiver/factory.go:22.36,29.2 1 0
github.com/open-telemetry/opentelemetry-collector-contrib/receiver/mysqlreceiver/factory.go:31.45,60.2 3 0
github.com/open-telemetry/opentelemetry-collector-contrib/receiver/mysqlreceiver/factory.go:67.29,73.16 4 0
github.com/open-telemetry/opentelemetry-collector-contrib/receiver/mysqlreceiver/factory.go:73.16,75.3 1 0
github.com/open-telemetry/opentelemetry-collector-contrib/receiver/mysqlreceiver/factory.go:77.2,80.3 1 0
github.com/open-telemetry/opentelemetry-collector-contrib/receiver/mysqlreceiver/factory.go:88.26,93.59 3 0
github.com/open-telemetry/opentelemetry-collector-contrib/receiver/mysqlreceiver/factory.go:93.59,102.17 3 0
github.com/open-telemetry/opentelemetry-collector-contrib/receiver/mysqlreceiver/factory.go:102.17,104.4 1 0
github.com/open-telemetry/opentelemetry-collector-contrib/receiver/mysqlreceiver/factory.go:105.3,107.102 1 0
github.com/open-telemetry/opentelemetry-collector-contrib/receiver/mysqlreceiver/factory.go:107.102,109.6 1 0
github.com/open-telemetry/opentelemetry-collector-contrib/receiver/mysqlreceiver/factory.go:110.3,110.27 1 0
github.com/open-telemetry/opentelemetry-collector-contrib/receiver/mysqlreceiver/factory.go:113.2,113.62 1 0
github.com/open-telemetry/opentelemetry-collector-contrib/receiver/mysqlreceiver/factory.go:113.62,122.17 3 0
github.com/open-telemetry/opentelemetry-collector-contrib/receiver/mysqlreceiver/factory.go:122.17,124.4 1 0
github.com/open-telemetry/opentelemetry-collector-contrib/receiver/mysqlreceiver/factory.go:125.3,127.102 1 0
github.com/open-telemetry/opentelemetry-collector-contrib/receiver/mysqlreceiver/factory.go:127.102,129.6 1 0
github.com/open-telemetry/opentelemetry-collector-contrib/receiver/mysqlreceiver/factory.go:130.3,130.27 1 0
github.com/open-telemetry/opentelemetry-collector-contrib/receiver/mysqlreceiver/factory.go:133.2,136.3 1 0
github.com/open-telemetry/opentelemetry-collector-contrib/receiver/mysqlreceiver/factory.go:142.54,143.15 1 0
github.com/open-telemetry/opentelemetry-collector-contrib/receiver/mysqlreceiver/factory.go:143.15,145.3 1 0
github.com/open-telemetry/opentelemetry-collector-contrib/receiver/mysqlreceiver/factory.go:147.2,148.14 2 0
github.com/open-telemetry/opentelemetry-collector-contrib/receiver/mysqlreceiver/factory.go:151.80,152.15 1 0
github.com/open-telemetry/opentelemetry-collector-contrib/receiver/mysqlreceiver/factory.go:152.15,154.3 1 0
github.com/open-telemetry/opentelemetry-collector-contrib/receiver/mysqlreceiver/factory.go:155.2,156.14 2 0
github.com/open-telemetry/opentelemetry-collector-contrib/receiver/mysqlreceiver/obfuscate.go:20.34,22.2 1 0
github.com/open-telemetry/opentelemetry-collector-contrib/receiver/mysqlreceiver/obfuscate.go:24.69,26.16 2 0
github.com/open-telemetry/opentelemetry-collector-contrib/receiver/mysqlreceiver/obfuscate.go:26.16,28.3 1 0
github.com/open-telemetry/opentelemetry-collector-contrib/receiver/mysqlreceiver/obfuscate.go:29.2,29.35 1 0
github.com/open-telemetry/opentelemetry-collector-contrib/receiver/mysqlreceiver/obfuscate.go:32.65,34.16 2 0
github.com/open-telemetry/opentelemetry-collector-contrib/receiver/mysqlreceiver/obfuscate.go:34.16,36.3 1 0
github.com/open-telemetry/opentelemetry-collector-contrib/receiver/mysqlreceiver/obfuscate.go:37.2,37.24 1 0
github.com/open-telemetry/opentelemetry-collector-contrib/receiver/mysqlreceiver/obfuscate.go:40.65,42.16 2 0
github.com/open-telemetry/opentelemetry-collector-contrib/receiver/mysqlreceiver/obfuscate.go:42.16,44.3 1 0
github.com/open-telemetry/opentelemetry-collector-contrib/receiver/mysqlreceiver/obfuscate.go:45.2,45.24 1 0
github.com/open-telemetry/opentelemetry-collector-contrib/receiver/mysqlreceiver/scraper.go:49.17,60.2 1 0
github.com/open-telemetry/opentelemetry-collector-contrib/receiver/mysqlreceiver/scraper.go:63.73,65.16 2 0
github.com/open-telemetry/opentelemetry-collector-contrib/receiver/mysqlreceiver/scraper.go:65.16,67.3 1 0
github.com/open-telemetry/opentelemetry-collector-contrib/receiver/mysqlreceiver/scraper.go:69.2,70.16 2 0
github.com/open-telemetry/opentelemetry-collector-contrib/receiver/mysqlreceiver/scraper.go:70.16,73.3 2 0
github.com/open-telemetry/opentelemetry-collector-contrib/receiver/mysqlreceiver/scraper.go:74.2,76.12 2 0
github.com/open-telemetry/opentelemetry-collector-contrib/receiver/mysqlreceiver/scraper.go:80.56,81.24 1 0
github.com/open-telemetry/opentelemetry-collector-contrib/receiver/mysqlreceiver/scraper.go:81.24,83.3 1 0
github.com/open-telemetry/opentelemetry-collector-contrib/receiver/mysqlreceiver/scraper.go:84.2,84.28 1 0
github.com/open-telemetry/opentelemetry-collector-contrib/receiver/mysqlreceiver/scraper.go:88.73,89.24 1 0
github.com/open-telemetry/opentelemetry-collector-contrib/receiver/mysqlreceiver/scraper.go:89.24,91.3 1 0
github.com/open-telemetry/opentelemetry-collector-contrib/receiver/mysqlreceiver/scraper.go:93.2,97.20 3 0
github.com/open-telemetry/opentelemetry-collector-contrib/receiver/mysqlreceiver/scraper.go:97.20,99.3 1 0
github.com/open-telemetry/opentelemetry-collector-contrib/receiver/mysqlreceiver/scraper.go:101.2,102.32 2 0
github.com/open-telemetry/opentelemetry-collector-contrib/receiver/mysqlreceiver/scraper.go:102.32,103.30 1 0
github.com/open-telemetry/opentelemetry-collector-contrib/receiver/mysqlreceiver/scraper.go:103.30,104.12 1 0
github.com/open-telemetry/opentelemetry-collector-contrib/receiver/mysqlreceiver/scraper.go:106.3,106.76 1 0
github.com/open-telemetry/opentelemetry-collector-contrib/receiver/mysqlreceiver/scraper.go:110.2,132.36 11 0
github.com/open-telemetry/opentelemetry-collector-contrib/receiver/mysqlreceiver/scraper.go:135.83,136.24 1 0
github.com/open-telemetry/opentelemetry-collector-contrib/receiver/mysqlreceiver/scraper.go:136.24,138.3 1 0
github.com/open-telemetry/opentelemetry-collector-contrib/receiver/mysqlreceiver/scraper.go:140.2,144.102 3 0
github.com/open-telemetry/opentelemetry-collector-contrib/receiver/mysqlreceiver/scraper.go:144.102,146.3 1 0
github.com/open-telemetry/opentelemetry-collector-contrib/receiver/mysqlreceiver/scraper.go:146.8,148.3 1 0
github.com/open-telemetry/opentelemetry-collector-contrib/receiver/mysqlreceiver/scraper.go:149.2,149.36 1 0
github.com/open-telemetry/opentelemetry-collector-contrib/receiver/mysqlreceiver/scraper.go:152.86,153.24 1 0
github.com/open-telemetry/opentelemetry-collector-contrib/receiver/mysqlreceiver/scraper.go:153.24,155.3 1 0
github.com/open-telemetry/opentelemetry-collector-contrib/receiver/mysqlreceiver/scraper.go:157.2,163.36 4 0
github.com/open-telemetry/opentelemetry-collector-contrib/receiver/mysqlreceiver/scraper.go:166.98,168.16 2 0
github.com/open-telemetry/opentelemetry-collector-contrib/receiver/mysqlreceiver/scraper.go:168.16,172.3 3 0
github.com/open-telemetry/opentelemetry-collector-contrib/receiver/mysqlreceiver/scraper.go:174.2,177.32 3 0
github.com/open-telemetry/opentelemetry-collector-contrib/receiver/mysqlreceiver/scraper.go:177.32,178.12 1 0
github.com/open-telemetry/opentelemetry-collector-contrib/receiver/mysqlreceiver/scraper.go:180.25,181.114 1 0
github.com/open-telemetry/opentelemetry-collector-contrib/receiver/mysqlreceiver/scraper.go:182.21,183.110 1 0
github.com/open-telemetry/opentelemetry-collector-contrib/receiver/mysqlreceiver/scraper.go:186.40,188.44 1 0
github.com/open-telemetry/opentelemetry-collector-contrib/receiver/mysqlreceiver/scraper.go:189.40,191.44 1 0
github.com/open-telemetry/opentelemetry-collector-contrib/receiver/mysqlreceiver/scraper.go:192.41,194.45 1 0
github.com/open-telemetry/opentelemetry-collector-contrib/receiver/mysqlreceiver/scraper.go:195.40,197.18 2 0
github.com/open-telemetry/opentelemetry-collector-contrib/receiver/mysqlreceiver/scraper.go:197.18,199.13 2 0
github.com/open-telemetry/opentelemetry-collector-contrib/receiver/mysqlreceiver/scraper.go:201.4,202.44 1 0
github.com/open-telemetry/opentelemetry-collector-contrib/receiver/mysqlreceiver/scraper.go:204.43,205.83 1 0
github.com/open-telemetry/opentelemetry-collector-contrib/receiver/mysqlreceiver/scraper.go:208.44,210.57 1 0
github.com/open-telemetry/opentelemetry-collector-contrib/receiver/mysqlreceiver/scraper.go:211.40,213.54 1 0
github.com/open-telemetry/opentelemetry-collector-contrib/receiver/mysqlreceiver/scraper.go:214.48,216.61 1 0
github.com/open-telemetry/opentelemetry-collector-contrib/receiver/mysqlreceiver/scraper.go:217.43,219.57 1 0
github.com/open-telemetry/opentelemetry-collector-contrib/receiver/mysqlreceiver/scraper.go:220.35,222.50 1 0
github.com/open-telemetry/opentelemetry-collector-contrib/receiver/mysqlreceiver/scraper.go:223.39,225.53 1 0
github.com/open-telemetry/opentelemetry-collector-contrib/receiver/mysqlreceiver/scraper.go:226.44,228.58 1 0
github.com/open-telemetry/opentelemetry-collector-contrib/receiver/mysqlreceiver/scraper.go:231.35,233.46 1 0
github.com/open-telemetry/opentelemetry-collector-contrib/receiver/mysqlreceiver/scraper.go:234.37,236.48 1 0
github.com/open-telemetry/opentelemetry-collector-contrib/receiver/mysqlreceiver/scraper.go:237.44,239.54 1 0
github.com/open-telemetry/opentelemetry-collector-contrib/receiver/mysqlreceiver/scraper.go:240.41,242.51 1 0
github.com/open-telemetry/opentelemetry-collector-contrib/receiver/mysqlreceiver/scraper.go:243.35,245.46 1 0
github.com/open-telemetry/opentelemetry-collector-contrib/receiver/mysqlreceiver/scraper.go:246.36,248.47 1 0
github.com/open-telemetry/opentelemetry-collector-contrib/receiver/mysqlreceiver/scraper.go:249.26,251.54 1 0
github.com/open-telemetry/opentelemetry-collector-contrib/receiver/mysqlreceiver/scraper.go:252.27,254.47 1 0
github.com/open-telemetry/opentelemetry-collector-contrib/receiver/mysqlreceiver/scraper.go:255.26,257.46 1 0
github.com/open-telemetry/opentelemetry-collector-contrib/receiver/mysqlreceiver/scraper.go:260.22,261.77 1 0
github.com/open-telemetry/opentelemetry-collector-contrib/receiver/mysqlreceiver/scraper.go:262.31,263.80 1 0
github.com/open-telemetry/opentelemetry-collector-contrib/receiver/mysqlreceiver/scraper.go:266.27,268.57 1 0
github.com/open-telemetry/opentelemetry-collector-contrib/receiver/mysqlreceiver/scraper.go:269.25,271.55 1 0
github.com/open-telemetry/opentelemetry-collector-contrib/receiver/mysqlreceiver/scraper.go:272.25,274.55 1 0
github.com/open-telemetry/opentelemetry-collector-contrib/receiver/mysqlreceiver/scraper.go:275.27,277.57 1 0
github.com/open-telemetry/opentelemetry-collector-contrib/receiver/mysqlreceiver/scraper.go:278.25,280.55 1 0
github.com/open-telemetry/opentelemetry-collector-contrib/receiver/mysqlreceiver/scraper.go:281.34,283.62 1 0
github.com/open-telemetry/opentelemetry-collector-contrib/receiver/mysqlreceiver/scraper.go:286.21,287.103 1 0
github.com/open-telemetry/opentelemetry-collector-contrib/receiver/mysqlreceiver/scraper.go:288.27,289.108 1 0
github.com/open-telemetry/opentelemetry-collector-contrib/receiver/mysqlreceiver/scraper.go:290.21,291.103 1 0
github.com/open-telemetry/opentelemetry-collector-contrib/receiver/mysqlreceiver/scraper.go:292.21,293.103 1 0
github.com/open-telemetry/opentelemetry-collector-contrib/receiver/mysqlreceiver/scraper.go:294.21,295.103 1 0
github.com/open-telemetry/opentelemetry-collector-contrib/receiver/mysqlreceiver/scraper.go:296.27,297.108 1 0
github.com/open-telemetry/opentelemetry-collector-contrib/receiver/mysqlreceiver/scraper.go:300.34,301.115 1 0
github.com/open-telemetry/opentelemetry-collector-contrib/receiver/mysqlreceiver/scraper.go:302.28,303.110 1 0
github.com/open-telemetry/opentelemetry-collector-contrib/receiver/mysqlreceiver/scraper.go:304.29,305.111 1 0
github.com/open-telemetry/opentelemetry-collector-contrib/receiver/mysqlreceiver/scraper.go:308.25,309.103 1 0
github.com/open-telemetry/opentelemetry-collector-contrib/receiver/mysqlreceiver/scraper.go:310.25,311.103 1 0
github.com/open-telemetry/opentelemetry-collector-contrib/receiver/mysqlreceiver/scraper.go:312.27,313.105 1 0
github.com/open-telemetry/opentelemetry-collector-contrib/receiver/mysqlreceiver/scraper.go:314.32,315.109 1 0
github.com/open-telemetry/opentelemetry-collector-contrib/receiver/mysqlreceiver/scraper.go:316.27,317.104 1 0
github.com/open-telemetry/opentelemetry-collector-contrib/receiver/mysqlreceiver/scraper.go:318.26,319.104 1 0
github.com/open-telemetry/opentelemetry-collector-contrib/receiver/mysqlreceiver/scraper.go:320.29,321.106 1 0
github.com/open-telemetry/opentelemetry-collector-contrib/receiver/mysqlreceiver/scraper.go:322.27,323.104 1 0
github.com/open-telemetry/opentelemetry-collector-contrib/receiver/mysqlreceiver/scraper.go:324.28,325.105 1 0
github.com/open-telemetry/opentelemetry-collector-contrib/receiver/mysqlreceiver/scraper.go:326.28,327.105 1 0
github.com/open-telemetry/opentelemetry-collector-contrib/receiver/mysqlreceiver/scraper.go:328.28,329.105 1 0
github.com/open-telemetry/opentelemetry-collector-contrib/receiver/mysqlreceiver/scraper.go:330.27,331.104 1 0
github.com/open-telemetry/opentelemetry-collector-contrib/receiver/mysqlreceiver/scraper.go:332.32,333.108 1 0
github.com/open-telemetry/opentelemetry-collector-contrib/receiver/mysqlreceiver/scraper.go:334.27,335.105 1 0
github.com/open-telemetry/opentelemetry-collector-contrib/receiver/mysqlreceiver/scraper.go:336.28,337.106 1 0
github.com/open-telemetry/opentelemetry-collector-contrib/receiver/mysqlreceiver/scraper.go:338.37,339.114 1 0
github.com/open-telemetry/opentelemetry-collector-contrib/receiver/mysqlreceiver/scraper.go:340.25,341.103 1 0
github.com/open-telemetry/opentelemetry-collector-contrib/receiver/mysqlreceiver/scraper.go:342.24,343.102 1 0
github.com/open-telemetry/opentelemetry-collector-contrib/receiver/mysqlreceiver/scraper.go:346.37,347.118 1 0
github.com/open-telemetry/opentelemetry-collector-contrib/receiver/mysqlreceiver/scraper.go:348.30,349.112 1 0
github.com/open-telemetry/opentelemetry-collector-contrib/receiver/mysqlreceiver/scraper.go:352.27,353.113 1 0
github.com/open-telemetry/opentelemetry-collector-contrib/receiver/mysqlreceiver/scraper.go:354.36,355.121 1 0
github.com/open-telemetry/opentelemetry-collector-contrib/receiver/mysqlreceiver/scraper.go:356.28,357.114 1 0
github.com/open-telemetry/opentelemetry-collector-contrib/receiver/mysqlreceiver/scraper.go:358.31,359.114 1 0
github.com/open-telemetry/opentelemetry-collector-contrib/receiver/mysqlreceiver/scraper.go:362.29,363.108 1 0
github.com/open-telemetry/opentelemetry-collector-contrib/receiver/mysqlreceiver/scraper.go:364.28,365.107 1 0
github.com/open-telemetry/opentelemetry-collector-contrib/receiver/mysqlreceiver/scraper.go:366.29,367.108 1 0
github.com/open-telemetry/opentelemetry-collector-contrib/receiver/mysqlreceiver/scraper.go:370.31,371.117 1 0
github.com/open-telemetry/opentelemetry-collector-contrib/receiver/mysqlreceiver/scraper.go:372.28,374.43 1 0
github.com/open-telemetry/opentelemetry-collector-contrib/receiver/mysqlreceiver/scraper.go:375.31,377.46 1 0
github.com/open-telemetry/opentelemetry-collector-contrib/receiver/mysqlreceiver/scraper.go:380.32,381.103 1 0
github.com/open-telemetry/opentelemetry-collector-contrib/receiver/mysqlreceiver/scraper.go:382.31,383.102 1 0
github.com/open-telemetry/opentelemetry-collector-contrib/receiver/mysqlreceiver/scraper.go:386.30,387.115 1 0
github.com/open-telemetry/opentelemetry-collector-contrib/receiver/mysqlreceiver/scraper.go:388.31,389.116 1 0
github.com/open-telemetry/opentelemetry-collector-contrib/receiver/mysqlreceiver/scraper.go:390.27,392.42 1 0
github.com/open-telemetry/opentelemetry-collector-contrib/receiver/mysqlreceiver/scraper.go:393.30,395.45 1 0
github.com/open-telemetry/opentelemetry-collector-contrib/receiver/mysqlreceiver/scraper.go:398.32,399.101 1 0
github.com/open-telemetry/opentelemetry-collector-contrib/receiver/mysqlreceiver/scraper.go:400.29,401.98 1 0
github.com/open-telemetry/opentelemetry-collector-contrib/receiver/mysqlreceiver/scraper.go:404.27,405.99 1 0
github.com/open-telemetry/opentelemetry-collector-contrib/receiver/mysqlreceiver/scraper.go:406.33,407.104 1 0
github.com/open-telemetry/opentelemetry-collector-contrib/receiver/mysqlreceiver/scraper.go:408.23,409.100 1 0
github.com/open-telemetry/opentelemetry-collector-contrib/receiver/mysqlreceiver/scraper.go:410.29,411.105 1 0
github.com/open-telemetry/opentelemetry-collector-contrib/receiver/mysqlreceiver/scraper.go:412.22,413.99 1 0
github.com/open-telemetry/opentelemetry-collector-contrib/receiver/mysqlreceiver/scraper.go:416.32,417.110 1 0
github.com/open-telemetry/opentelemetry-collector-contrib/receiver/mysqlreceiver/scraper.go:418.34,419.111 1 0
github.com/open-telemetry/opentelemetry-collector-contrib/receiver/mysqlreceiver/scraper.go:420.37,421.115 1 0
github.com/open-telemetry/opentelemetry-collector-contrib/receiver/mysqlreceiver/scraper.go:424.18,425.72 1 0
github.com/open-telemetry/opentelemetry-collector-contrib/receiver/mysqlreceiver/scraper.go:426.20,427.78 1 0
github.com/open-telemetry/opentelemetry-collector-contrib/receiver/mysqlreceiver/scraper.go:428.23,429.76 1 0
github.com/open-telemetry/opentelemetry-collector-contrib/receiver/mysqlreceiver/scraper.go:432.28,433.103 1 0
github.com/open-telemetry/opentelemetry-collector-contrib/receiver/mysqlreceiver/scraper.go:434.21,435.97 1 0
github.com/open-telemetry/opentelemetry-collector-contrib/receiver/mysqlreceiver/scraper.go:436.20,437.96 1 0
github.com/open-telemetry/opentelemetry-collector-contrib/receiver/mysqlreceiver/scraper.go:438.20,439.96 1 0
github.com/open-telemetry/opentelemetry-collector-contrib/receiver/mysqlreceiver/scraper.go:442.25,443.102 1 0
github.com/open-telemetry/opentelemetry-collector-contrib/receiver/mysqlreceiver/scraper.go:444.28,445.105 1 0
github.com/open-telemetry/opentelemetry-collector-contrib/receiver/mysqlreceiver/scraper.go:446.26,447.103 1 0
github.com/open-telemetry/opentelemetry-collector-contrib/receiver/mysqlreceiver/scraper.go:448.26,449.103 1 0
github.com/open-telemetry/opentelemetry-collector-contrib/receiver/mysqlreceiver/scraper.go:452.23,453.116 1 0
github.com/open-telemetry/opentelemetry-collector-contrib/receiver/mysqlreceiver/scraper.go:454.24,455.117 1 0
github.com/open-telemetry/opentelemetry-collector-contrib/receiver/mysqlreceiver/scraper.go:456.35,457.127 1 0
github.com/open-telemetry/opentelemetry-collector-contrib/receiver/mysqlreceiver/scraper.go:460.32,461.123 1 0
github.com/open-telemetry/opentelemetry-collector-contrib/receiver/mysqlreceiver/scraper.go:462.39,463.120 1 0
github.com/open-telemetry/opentelemetry-collector-contrib/receiver/mysqlreceiver/scraper.go:466.38,467.123 1 0
github.com/open-telemetry/opentelemetry-collector-contrib/receiver/mysqlreceiver/scraper.go:468.36,469.121 1 0
github.com/open-telemetry/opentelemetry-collector-contrib/receiver/mysqlreceiver/scraper.go:470.38,471.123 1 0
github.com/open-telemetry/opentelemetry-collector-contrib/receiver/mysqlreceiver/scraper.go:474.17,475.68 1 0
github.com/open-telemetry/opentelemetry-collector-contrib/receiver/mysqlreceiver/scraper.go:478.27,479.70 1 0
github.com/open-telemetry/opentelemetry-collector-contrib/receiver/mysqlreceiver/scraper.go:484.97,486.16 2 0
github.com/open-telemetry/opentelemetry-collector-contrib/receiver/mysqlreceiver/scraper.go:486.16,490.3 3 0
github.com/open-telemetry/opentelemetry-collector-contrib/receiver/mysqlreceiver/scraper.go:492.2,492.28 1 0
github.com/open-telemetry/opentelemetry-collector-contrib/receiver/mysqlreceiver/scraper.go:492.28,499.3 5 0
github.com/open-telemetry/opentelemetry-collector-contrib/receiver/mysqlreceiver/scraper.go:502.104,504.16 2 0
github.com/open-telemetry/opentelemetry-collector-contrib/receiver/mysqlreceiver/scraper.go:504.16,508.3 3 0
github.com/open-telemetry/opentelemetry-collector-contrib/receiver/mysqlreceiver/scraper.go:510.2,510.35 1 0
github.com/open-telemetry/opentelemetry-collector-contrib/receiver/mysqlreceiver/scraper.go:510.35,531.3 9 0
github.com/open-telemetry/opentelemetry-collector-contrib/receiver/mysqlreceiver/scraper.go:534.104,536.16 2 0
github.com/open-telemetry/opentelemetry-collector-contrib/receiver/mysqlreceiver/scraper.go:536.16,540.3 3 0
github.com/open-telemetry/opentelemetry-collector-contrib/receiver/mysqlreceiver/scraper.go:542.2,542.35 1 0
github.com/open-telemetry/opentelemetry-collector-contrib/receiver/mysqlreceiver/scraper.go:542.35,563.3 9 0
github.com/open-telemetry/opentelemetry-collector-contrib/receiver/mysqlreceiver/scraper.go:566.107,568.16 2 0
github.com/open-telemetry/opentelemetry-collector-contrib/receiver/mysqlreceiver/scraper.go:568.16,572.3 3 0
github.com/open-telemetry/opentelemetry-collector-contrib/receiver/mysqlreceiver/scraper.go:574.2,574.38 1 0
github.com/open-telemetry/opentelemetry-collector-contrib/receiver/mysqlreceiver/scraper.go:574.38,588.3 12 0
github.com/open-telemetry/opentelemetry-collector-contrib/receiver/mysqlreceiver/scraper.go:591.110,593.16 2 0
github.com/open-telemetry/opentelemetry-collector-contrib/receiver/mysqlreceiver/scraper.go:593.16,597.3 3 0
github.com/open-telemetry/opentelemetry-collector-contrib/receiver/mysqlreceiver/scraper.go:599.2,599.41 1 0
github.com/open-telemetry/opentelemetry-collector-contrib/receiver/mysqlreceiver/scraper.go:599.41,628.3 21 0
github.com/open-telemetry/opentelemetry-collector-contrib/receiver/mysqlreceiver/scraper.go:631.72,633.16 2 0
github.com/open-telemetry/opentelemetry-collector-contrib/receiver/mysqlreceiver/scraper.go:633.16,636.3 2 0
github.com/open-telemetry/opentelemetry-collector-contrib/receiver/mysqlreceiver/scraper.go:638.2,638.36 1 0
github.com/open-telemetry/opentelemetry-collector-contrib/receiver/mysqlreceiver/scraper.go:638.36,642.17 3 0
github.com/open-telemetry/opentelemetry-collector-contrib/receiver/mysqlreceiver/scraper.go:642.17,644.4 1 0
github.com/open-telemetry/opentelemetry-collector-contrib/receiver/mysqlreceiver/scraper.go:646.3,646.60 1 0
github.com/open-telemetry/opentelemetry-collector-contrib/receiver/mysqlreceiver/scraper.go:650.118,652.16 2 0
github.com/open-telemetry/opentelemetry-collector-contrib/receiver/mysqlreceiver/scraper.go:652.16,656.3 3 0
github.com/open-telemetry/opentelemetry-collector-contrib/receiver/mysqlreceiver/scraper.go:658.2,659.28 2 0
github.com/open-telemetry/opentelemetry-collector-contrib/receiver/mysqlreceiver/scraper.go:659.28,660.128 1 0
github.com/open-telemetry/opentelemetry-collector-contrib/receiver/mysqlreceiver/scraper.go:660.128,662.4 1 0
github.com/open-telemetry/opentelemetry-collector-contrib/receiver/mysqlreceiver/scraper.go:667.2,670.64 2 0
github.com/open-telemetry/opentelemetry-collector-contrib/receiver/mysqlreceiver/scraper.go:670.64,670.142 1 0
github.com/open-telemetry/opentelemetry-collector-contrib/receiver/mysqlreceiver/scraper.go:672.2,674.28 2 0
github.com/open-telemetry/opentelemetry-collector-contrib/receiver/mysqlreceiver/scraper.go:674.28,676.44 1 0
github.com/open-telemetry/opentelemetry-collector-contrib/receiver/mysqlreceiver/scraper.go:676.44,677.9 1 0
github.com/open-telemetry/opentelemetry-collector-contrib/receiver/mysqlreceiver/scraper.go:680.3,683.14 3 0
github.com/open-telemetry/opentelemetry-collector-contrib/receiver/mysqlreceiver/scraper.go:683.14,685.4 1 0
github.com/open-telemetry/opentelemetry-collector-contrib/receiver/mysqlreceiver/scraper.go:687.3,688.17 2 0
github.com/open-telemetry/opentelemetry-collector-contrib/receiver/mysqlreceiver/scraper.go:688.17,690.4 1 0
github.com/open-telemetry/opentelemetry-collector-contrib/receiver/mysqlreceiver/scraper.go:692.3,694.79 3 0
github.com/open-telemetry/opentelemetry-collector-contrib/receiver/mysqlreceiver/scraper.go:694.79,697.23 2 0
github.com/open-telemetry/opentelemetry-collector-contrib/receiver/mysqlreceiver/scraper.go:697.23,700.5 1 0
github.com/open-telemetry/opentelemetry-collector-contrib/receiver/mysqlreceiver/scraper.go:700.10,703.19 2 0
github.com/open-telemetry/opentelemetry-collector-contrib/receiver/mysqlreceiver/scraper.go:703.19,706.6 1 0
github.com/open-telemetry/opentelemetry-collector-contrib/receiver/mysqlreceiver/scraper.go:709.4,709.62 1 0
github.com/open-telemetry/opentelemetry-collector-contrib/receiver/mysqlreceiver/scraper.go:712.3,722.4 1 0
github.com/open-telemetry/opentelemetry-collector-contrib/receiver/mysqlreceiver/scraper.go:726.120,728.16 2 0
github.com/open-telemetry/opentelemetry-collector-contrib/receiver/mysqlreceiver/scraper.go:728.16,732.3 3 0
github.com/open-telemetry/opentelemetry-collector-contrib/receiver/mysqlreceiver/scraper.go:734.2,734.25 1 0
github.com/open-telemetry/opentelemetry-collector-contrib/receiver/mysqlreceiver/scraper.go:734.25,741.35 6 0
github.com/open-telemetry/opentelemetry-collector-contrib/receiver/mysqlreceiver/scraper.go:741.35,743.18 2 0
github.com/open-telemetry/opentelemetry-collector-contrib/receiver/mysqlreceiver/scraper.go:743.18,746.5 2 0
github.com/open-telemetry/opentelemetry-collector-contrib/receiver/mysqlreceiver/scraper.go:746.10,751.5 4 0
github.com/open-telemetry/opentelemetry-collector-contrib/receiver/mysqlreceiver/scraper.go:754.3,755.17 2 0
github.com/open-telemetry/opentelemetry-collector-contrib/receiver/mysqlreceiver/scraper.go:755.17,757.4 1 0
github.com/open-telemetry/opentelemetry-collector-contrib/receiver/mysqlreceiver/scraper.go:759.3,777.4 1 0
github.com/open-telemetry/opentelemetry-collector-contrib/receiver/mysqlreceiver/scraper.go:781.70,782.16 1 0
github.com/open-telemetry/opentelemetry-collector-contrib/receiver/mysqlreceiver/scraper.go:782.16,784.3 1 0
github.com/open-telemetry/opentelemetry-collector-contrib/receiver/mysqlreceiver/scraper.go:787.129,789.16 2 0
github.com/open-telemetry/opentelemetry-collector-contrib/receiver/mysqlreceiver/scraper.go:789.16,792.3 2 0
github.com/open-telemetry/opentelemetry-collector-contrib/receiver/mysqlreceiver/scraper.go:793.2,796.16 3 0
github.com/open-telemetry/opentelemetry-collector-contrib/receiver/mysqlreceiver/scraper.go:796.16,799.3 2 0
github.com/open-telemetry/opentelemetry-collector-contrib/receiver/mysqlreceiver/scraper.go:800.2,800.102 1 0
github.com/open-telemetry/opentelemetry-collector-contrib/receiver/mysqlreceiver/scraper.go:803.129,805.16 2 0
github.com/open-telemetry/opentelemetry-collector-contrib/receiver/mysqlreceiver/scraper.go:805.16,808.3 2 0
github.com/open-telemetry/opentelemetry-collector-contrib/receiver/mysqlreceiver/scraper.go:809.2,812.16 3 0
github.com/open-telemetry/opentelemetry-collector-contrib/receiver/mysqlreceiver/scraper.go:812.16,815.3 2 0
github.com/open-telemetry/opentelemetry-collector-contrib/receiver/mysqlreceiver/scraper.go:816.2,816.98 1 0
github.com/open-telemetry/opentelemetry-collector-contrib/receiver/mysqlreceiver/scraper.go:820.44,822.2 1 0
github.com/open-telemetry/opentelemetry-collector-contrib/receiver/mysqlreceiver/scraper.go:827.97,828.13 1 0
github.com/open-telemetry/opentelemetry-collector-contrib/receiver/mysqlreceiver/scraper.go:828.13,830.3 1 0
github.com/open-telemetry/opentelemetry-collector-contrib/receiver/mysqlreceiver/scraper.go:832.2,835.9 3 0
github.com/open-telemetry/opentelemetry-collector-contrib/receiver/mysqlreceiver/scraper.go:835.9,838.3 2 0
github.com/open-telemetry/opentelemetry-collector-contrib/receiver/mysqlreceiver/scraper.go:840.2,840.18 1 0
github.com/open-telemetry/opentelemetry-collector-contrib/receiver/mysqlreceiver/scraper.go:840.18,843.3 2 0
github.com/open-telemetry/opentelemetry-collector-contrib/receiver/mysqlreceiver/scraper.go:845.2,845.16 1 0
github.com/open-telemetry/opentelemetry-collector-contrib/receiver/mysqlreceiver/scraper.go:851.84,857.16 2 0
github.com/open-telemetry/opentelemetry-collector-contrib/receiver/mysqlreceiver/scraper.go:857.16,859.3 1 0
github.com/open-telemetry/opentelemetry-collector-contrib/receiver/mysqlreceiver/scraper.go:860.2,861.28 2 0
github.com/open-telemetry/opentelemetry-collector-contrib/receiver/mysqlreceiver/scraper.go:861.28,868.3 2 0
github.com/open-telemetry/opentelemetry-collector-contrib/receiver/mysqlreceiver/scraper.go:869.2,871.50 2 0
github.com/open-telemetry/opentelemetry-collector-contrib/receiver/mysqlreceiver/scraper.go:871.50,874.3 2 0
github.com/open-telemetry/opentelemetry-collector-contrib/receiver/mysqlreceiver/scraper.go:875.2,875.16 1 0
github.com/open-telemetry/opentelemetry-collector-contrib/receiver/mysqlreceiver/internal/metadata/generated_config.go:16.63,17.19 1 0
github.com/open-telemetry/opentelemetry-collector-contrib/receiver/mysqlreceiver/internal/metadata/generated_config.go:17.19,19.3 1 0
github.com/open-telemetry/opentelemetry-collector-contrib/receiver/mysqlreceiver/internal/metadata/generated_config.go:21.2,22.16 2 0
github.com/open-telemetry/opentelemetry-collector-contrib/receiver/mysqlreceiver/internal/metadata/generated_config.go:22.16,24.3 1 0
github.com/open-telemetry/opentelemetry-collector-contrib/receiver/mysqlreceiver/internal/metadata/generated_config.go:26.2,27.12 2 0
github.com/open-telemetry/opentelemetry-collector-contrib/receiver/mysqlreceiver/internal/metadata/generated_config.go:82.43,229.2 1 0
github.com/open-telemetry/opentelemetry-collector-contrib/receiver/mysqlreceiver/internal/metadata/generated_config.go:238.62,239.19 1 0
github.com/open-telemetry/opentelemetry-collector-contrib/receiver/mysqlreceiver/internal/metadata/generated_config.go:239.19,241.3 1 0
github.com/open-telemetry/opentelemetry-collector-contrib/receiver/mysqlreceiver/internal/metadata/generated_config.go:242.2,243.16 2 0
github.com/open-telemetry/opentelemetry-collector-contrib/receiver/mysqlreceiver/internal/metadata/generated_config.go:243.16,245.3 1 0
github.com/open-telemetry/opentelemetry-collector-contrib/receiver/mysqlreceiver/internal/metadata/generated_config.go:246.2,247.12 2 0
github.com/open-telemetry/opentelemetry-collector-contrib/receiver/mysqlreceiver/internal/metadata/generated_config.go:256.41,265.2 1 0
github.com/open-telemetry/opentelemetry-collector-contrib/receiver/mysqlreceiver/internal/metadata/generated_config.go:288.75,289.19 1 0
github.com/open-telemetry/opentelemetry-collector-contrib/receiver/mysqlreceiver/internal/metadata/generated_config.go:289.19,291.3 1 0
github.com/open-telemetry/opentelemetry-collector-contrib/receiver/mysqlreceiver/internal/metadata/generated_config.go:292.2,293.16 2 0
github.com/open-telemetry/opentelemetry-collector-contrib/receiver/mysqlreceiver/internal/metadata/generated_config.go:293.16,295.3 1 0
github.com/open-telemetry/opentelemetry-collector-contrib/receiver/mysqlreceiver/internal/metadata/generated_config.go:296.2,297.12 2 0
github.com/open-telemetry/opentelemetry-collector-contrib/receiver/mysqlreceiver/internal/metadata/generated_config.go:305.65,311.2 1 0
github.com/open-telemetry/opentelemetry-collector-contrib/receiver/mysqlreceiver/internal/metadata/generated_config.go:319.57,324.2 1 0
github.com/open-telemetry/opentelemetry-collector-contrib/receiver/mysqlreceiver/internal/metadata/generated_config.go:332.51,337.2 1 0
github.com/open-telemetry/opentelemetry-collector-contrib/receiver/mysqlreceiver/internal/metadata/generated_logs.go:21.707,22.23 1 0
github.com/open-telemetry/opentelemetry-collector-contrib/receiver/mysqlreceiver/internal/metadata/generated_logs.go:22.23,24.3 1 0
github.com/open-telemetry/opentelemetry-collector-contrib/receiver/mysqlreceiver/internal/metadata/generated_logs.go:25.2,29.63 4 0
github.com/open-telemetry/opentelemetry-collector-contrib/receiver/mysqlreceiver/internal/metadata/generated_logs.go:29.63,32.3 2 0
github.com/open-telemetry/opentelemetry-collector-contrib/receiver/mysqlreceiver/internal/metadata/generated_logs.go:33.2,47.76 15 0
github.com/open-telemetry/opentelemetry-collector-contrib/receiver/mysqlreceiver/internal/metadata/generated_logs.go:52.66,53.42 1 0
github.com/open-telemetry/opentelemetry-collector-contrib/receiver/mysqlreceiver/internal/metadata/generated_logs.go:53.42,55.3 1 0
github.com/open-telemetry/opentelemetry-collector-contrib/receiver/mysqlreceiver/internal/metadata/generated_logs.go:58.76,60.17 2 0
github.com/open-telemetry/opentelemetry-collector-contrib/receiver/mysqlreceiver/internal/metadata/generated_logs.go:60.17,62.3 1 0
github.com/open-telemetry/opentelemetry-collector-contrib/receiver/mysqlreceiver/internal/metadata/generated_logs.go:63.2,63.10 1 0
github.com/open-telemetry/opentelemetry-collector-contrib/receiver/mysqlreceiver/internal/metadata/generated_logs.go:71.446,72.23 1 0
github.com/open-telemetry/opentelemetry-collector-contrib/receiver/mysqlreceiver/internal/metadata/generated_logs.go:72.23,74.3 1 0
github.com/open-telemetry/opentelemetry-collector-contrib/receiver/mysqlreceiver/internal/metadata/generated_logs.go:75.2,79.63 4 0
github.com/open-telemetry/opentelemetry-collector-contrib/receiver/mysqlreceiver/internal/metadata/generated_logs.go:79.63,82.3 2 0
github.com/open-telemetry/opentelemetry-collector-contrib/receiver/mysqlreceiver/internal/metadata/generated_logs.go:83.2,89.151 7 0
github.com/open-telemetry/opentelemetry-collector-contrib/receiver/mysqlreceiver/internal/metadata/generated_logs.go:94.63,95.42 1 0
github.com/open-telemetry/opentelemetry-collector-contrib/receiver/mysqlreceiver/internal/metadata/generated_logs.go:95.42,97.3 1 0
github.com/open-telemetry/opentelemetry-collector-contrib/receiver/mysqlreceiver/internal/metadata/generated_logs.go:100.70,102.17 2 0
github.com/open-telemetry/opentelemetry-collector-contrib/receiver/mysqlreceiver/internal/metadata/generated_logs.go:102.17,104.3 1 0
github.com/open-telemetry/opentelemetry-collector-contrib/receiver/mysqlreceiver/internal/metadata/generated_logs.go:105.2,105.10 1 0
github.com/open-telemetry/opentelemetry-collector-contrib/receiver/mysqlreceiver/internal/metadata/generated_logs.go:126.85,137.71 2 0
github.com/open-telemetry/opentelemetry-collector-contrib/receiver/mysqlreceiver/internal/metadata/generated_logs.go:137.71,139.3 1 0
github.com/open-telemetry/opentelemetry-collector-contrib/receiver/mysqlreceiver/internal/metadata/generated_logs.go:140.2,140.71 1 0
github.com/open-telemetry/opentelemetry-collector-contrib/receiver/mysqlreceiver/internal/metadata/generated_logs.go:140.71,142.3 1 0
github.com/open-telemetry/opentelemetry-collector-contrib/receiver/mysqlreceiver/internal/metadata/generated_logs.go:144.2,144.11 1 0
github.com/open-telemetry/opentelemetry-collector-contrib/receiver/mysqlreceiver/internal/metadata/generated_logs.go:148.62,150.2 1 0
github.com/open-telemetry/opentelemetry-collector-contrib/receiver/mysqlreceiver/internal/metadata/generated_logs.go:159.64,161.2 1 0
github.com/open-telemetry/opentelemetry-collector-contrib/receiver/mysqlreceiver/internal/metadata/generated_logs.go:165.64,166.59 1 0
github.com/open-telemetry/opentelemetry-collector-contrib/receiver/mysqlreceiver/internal/metadata/generated_logs.go:166.59,168.3 1 0
github.com/open-telemetry/opentelemetry-collector-contrib/receiver/mysqlreceiver/internal/metadata/generated_logs.go:172.59,174.2 1 0
github.com/open-telemetry/opentelemetry-collector-contrib/receiver/mysqlreceiver/internal/metadata/generated_logs.go:181.71,189.29 7 0
github.com/open-telemetry/opentelemetry-collector-contrib/receiver/mysqlreceiver/internal/metadata/generated_logs.go:189.29,191.3 1 0
github.com/open-telemetry/opentelemetry-collector-contrib/receiver/mysqlreceiver/internal/metadata/generated_logs.go:193.2,193.35 1 0
github.com/open-telemetry/opentelemetry-collector-contrib/receiver/mysqlreceiver/internal/metadata/generated_logs.go:193.35,196.3 2 0
github.com/open-telemetry/opentelemetry-collector-contrib/receiver/mysqlreceiver/internal/metadata/generated_logs.go:198.2,198.62 1 0
github.com/open-telemetry/opentelemetry-collector-contrib/receiver/mysqlreceiver/internal/metadata/generated_logs.go:198.62,199.93 1 0
github.com/open-telemetry/opentelemetry-collector-contrib/receiver/mysqlreceiver/internal/metadata/generated_logs.go:199.93,201.4 1 0
github.com/open-telemetry/opentelemetry-collector-contrib/receiver/mysqlreceiver/internal/metadata/generated_logs.go:203.2,203.62 1 0
github.com/open-telemetry/opentelemetry-collector-contrib/receiver/mysqlreceiver/internal/metadata/generated_logs.go:203.62,204.92 1 0
github.com/open-telemetry/opentelemetry-collector-contrib/receiver/mysqlreceiver/internal/metadata/generated_logs.go:204.92,206.4 1 0
github.com/open-telemetry/opentelemetry-collector-contrib/receiver/mysqlreceiver/internal/metadata/generated_logs.go:209.2,209.32 1 0
github.com/open-telemetry/opentelemetry-collector-contrib/receiver/mysqlreceiver/internal/metadata/generated_logs.go:209.32,211.3 1 0
github.com/open-telemetry/opentelemetry-collector-contrib/receiver/mysqlreceiver/internal/metadata/generated_logs.go:217.70,222.2 4 0
github.com/open-telemetry/opentelemetry-collector-contrib/receiver/mysqlreceiver/internal/metadata/generated_logs.go:225.729,227.2 1 0
github.com/open-telemetry/opentelemetry-collector-contrib/receiver/mysqlreceiver/internal/metadata/generated_logs.go:230.468,232.2 1 0
github.com/open-telemetry/opentelemetry-collector-contrib/receiver/mysqlreceiver/internal/metadata/generated_metrics.go:27.51,28.12 1 0
github.com/open-telemetry/opentelemetry-collector-contrib/receiver/mysqlreceiver/internal/metadata/generated_metrics.go:29.36,30.17 1 0
github.com/open-telemetry/opentelemetry-collector-contrib/receiver/mysqlreceiver/internal/metadata/generated_metrics.go:31.36,32.17 1 0
github.com/open-telemetry/opentelemetry-collector-contrib/receiver/mysqlreceiver/internal/metadata/generated_metrics.go:34.2,34.11 1 0
github.com/open-telemetry/opentelemetry-collector-contrib/receiver/mysqlreceiver/internal/metadata/generated_metrics.go:58.57,59.12 1 0
github.com/open-telemetry/opentelemetry-collector-contrib/receiver/mysqlreceiver/internal/metadata/generated_metrics.go:60.49,61.26 1 0
github.com/open-telemetry/opentelemetry-collector-contrib/receiver/mysqlreceiver/internal/metadata/generated_metrics.go:62.46,63.22 1 0
github.com/open-telemetry/opentelemetry-collector-contrib/receiver/mysqlreceiver/internal/metadata/generated_metrics.go:64.53,65.30 1 0
github.com/open-telemetry/opentelemetry-collector-contrib/receiver/mysqlreceiver/internal/metadata/generated_metrics.go:66.49,67.25 1 0
github.com/open-telemetry/opentelemetry-collector-contrib/receiver/mysqlreceiver/internal/metadata/generated_metrics.go:68.42,69.17 1 0
github.com/open-telemetry/opentelemetry-collector-contrib/receiver/mysqlreceiver/internal/metadata/generated_metrics.go:70.45,71.21 1 0
github.com/open-telemetry/opentelemetry-collector-contrib/receiver/mysqlreceiver/internal/metadata/generated_metrics.go:72.50,73.26 1 0
github.com/open-telemetry/opentelemetry-collector-contrib/receiver/mysqlreceiver/internal/metadata/generated_metrics.go:75.2,75.11 1 0
github.com/open-telemetry/opentelemetry-collector-contrib/receiver/mysqlreceiver/internal/metadata/generated_metrics.go:101.52,102.12 1 0
github.com/open-telemetry/opentelemetry-collector-contrib/receiver/mysqlreceiver/internal/metadata/generated_metrics.go:103.36,104.16 1 0
github.com/open-telemetry/opentelemetry-collector-contrib/receiver/mysqlreceiver/internal/metadata/generated_metrics.go:105.36,106.16 1 0
github.com/open-telemetry/opentelemetry-collector-contrib/receiver/mysqlreceiver/internal/metadata/generated_metrics.go:107.36,108.16 1 0
github.com/open-telemetry/opentelemetry-collector-contrib/receiver/mysqlreceiver/internal/metadata/generated_metrics.go:109.37,110.17 1 0
github.com/open-telemetry/opentelemetry-collector-contrib/receiver/mysqlreceiver/internal/metadata/generated_metrics.go:112.2,112.11 1 0
github.com/open-telemetry/opentelemetry-collector-contrib/receiver/mysqlreceiver/internal/metadata/generated_metrics.go:134.48,135.12 1 0
github.com/open-telemetry/opentelemetry-collector-contrib/receiver/mysqlreceiver/internal/metadata/generated_metrics.go:136.31,137.15 1 0
github.com/open-telemetry/opentelemetry-collector-contrib/receiver/mysqlreceiver/internal/metadata/generated_metrics.go:138.32,139.16 1 0
github.com/open-telemetry/opentelemetry-collector-contrib/receiver/mysqlreceiver/internal/metadata/generated_metrics.go:140.36,141.20 1 0
github.com/open-telemetry/opentelemetry-collector-contrib/receiver/mysqlreceiver/internal/metadata/generated_metrics.go:143.2,143.11 1 0
github.com/open-telemetry/opentelemetry-collector-contrib/receiver/mysqlreceiver/internal/metadata/generated_metrics.go:167.44,168.12 1 0
github.com/open-telemetry/opentelemetry-collector-contrib/receiver/mysqlreceiver/internal/metadata/generated_metrics.go:169.30,170.18 1 0
github.com/open-telemetry/opentelemetry-collector-contrib/receiver/mysqlreceiver/internal/metadata/generated_metrics.go:171.35,172.24 1 0
github.com/open-telemetry/opentelemetry-collector-contrib/receiver/mysqlreceiver/internal/metadata/generated_metrics.go:173.30,174.18 1 0
github.com/open-telemetry/opentelemetry-collector-contrib/receiver/mysqlreceiver/internal/metadata/generated_metrics.go:175.30,176.18 1 0
github.com/open-telemetry/opentelemetry-collector-contrib/receiver/mysqlreceiver/internal/metadata/generated_metrics.go:177.30,178.18 1 0
github.com/open-telemetry/opentelemetry-collector-contrib/receiver/mysqlreceiver/internal/metadata/generated_metrics.go:179.35,180.24 1 0
github.com/open-telemetry/opentelemetry-collector-contrib/receiver/mysqlreceiver/internal/metadata/generated_metrics.go:182.2,182.11 1 0
github.com/open-telemetry/opentelemetry-collector-contrib/receiver/mysqlreceiver/internal/metadata/generated_metrics.go:212.52,213.12 1 0
github.com/open-telemetry/opentelemetry-collector-contrib/receiver/mysqlreceiver/internal/metadata/generated_metrics.go:214.38,215.18 1 0
github.com/open-telemetry/opentelemetry-collector-contrib/receiver/mysqlreceiver/internal/metadata/generated_metrics.go:216.40,217.20 1 0
github.com/open-telemetry/opentelemetry-collector-contrib/receiver/mysqlreceiver/internal/metadata/generated_metrics.go:218.46,219.27 1 0
github.com/open-telemetry/opentelemetry-collector-contrib/receiver/mysqlreceiver/internal/metadata/generated_metrics.go:220.43,221.24 1 0
github.com/open-telemetry/opentelemetry-collector-contrib/receiver/mysqlreceiver/internal/metadata/generated_metrics.go:222.38,223.18 1 0
github.com/open-telemetry/opentelemetry-collector-contrib/receiver/mysqlreceiver/internal/metadata/generated_metrics.go:224.39,225.19 1 0
github.com/open-telemetry/opentelemetry-collector-contrib/receiver/mysqlreceiver/internal/metadata/generated_metrics.go:226.39,227.19 1 0
github.com/open-telemetry/opentelemetry-collector-contrib/receiver/mysqlreceiver/internal/metadata/generated_metrics.go:228.46,229.27 1 0
github.com/open-telemetry/opentelemetry-collector-contrib/receiver/mysqlreceiver/internal/metadata/generated_metrics.go:230.38,231.18 1 0
github.com/open-telemetry/opentelemetry-collector-contrib/receiver/mysqlreceiver/internal/metadata/generated_metrics.go:233.2,233.11 1 0
github.com/open-telemetry/opentelemetry-collector-contrib/receiver/mysqlreceiver/internal/metadata/generated_metrics.go:260.53,261.12 1 0
github.com/open-telemetry/opentelemetry-collector-contrib/receiver/mysqlreceiver/internal/metadata/generated_metrics.go:262.41,263.20 1 0
github.com/open-telemetry/opentelemetry-collector-contrib/receiver/mysqlreceiver/internal/metadata/generated_metrics.go:264.39,265.18 1 0
github.com/open-telemetry/opentelemetry-collector-contrib/receiver/mysqlreceiver/internal/metadata/generated_metrics.go:266.41,267.20 1 0
github.com/open-telemetry/opentelemetry-collector-contrib/receiver/mysqlreceiver/internal/metadata/generated_metrics.go:269.2,269.11 1 0
github.com/open-telemetry/opentelemetry-collector-contrib/receiver/mysqlreceiver/internal/metadata/generated_metrics.go:288.49,289.12 1 0
github.com/open-telemetry/opentelemetry-collector-contrib/receiver/mysqlreceiver/internal/metadata/generated_metrics.go:290.34,291.17 1 0
github.com/open-telemetry/opentelemetry-collector-contrib/receiver/mysqlreceiver/internal/metadata/generated_metrics.go:293.2,293.11 1 0
github.com/open-telemetry/opentelemetry-collector-contrib/receiver/mysqlreceiver/internal/metadata/generated_metrics.go:311.46,312.12 1 0
github.com/open-telemetry/opentelemetry-collector-contrib/receiver/mysqlreceiver/internal/metadata/generated_metrics.go:313.34,314.20 1 0
github.com/open-telemetry/opentelemetry-collector-contrib/receiver/mysqlreceiver/internal/metadata/generated_metrics.go:315.30,316.16 1 0
github.com/open-telemetry/opentelemetry-collector-contrib/receiver/mysqlreceiver/internal/metadata/generated_metrics.go:318.2,318.11 1 0
github.com/open-telemetry/opentelemetry-collector-contrib/receiver/mysqlreceiver/internal/metadata/generated_metrics.go:337.49,338.12 1 0
github.com/open-telemetry/opentelemetry-collector-contrib/receiver/mysqlreceiver/internal/metadata/generated_metrics.go:339.41,340.25 1 0
github.com/open-telemetry/opentelemetry-collector-contrib/receiver/mysqlreceiver/internal/metadata/generated_metrics.go:341.35,342.18 1 0
github.com/open-telemetry/opentelemetry-collector-contrib/receiver/mysqlreceiver/internal/metadata/generated_metrics.go:344.2,344.11 1 0
github.com/open-telemetry/opentelemetry-collector-contrib/receiver/mysqlreceiver/internal/metadata/generated_metrics.go:371.47,372.12 1 0
github.com/open-telemetry/opentelemetry-collector-contrib/receiver/mysqlreceiver/internal/metadata/generated_metrics.go:373.33,374.18 1 0
github.com/open-telemetry/opentelemetry-collector-contrib/receiver/mysqlreceiver/internal/metadata/generated_metrics.go:375.35,376.20 1 0
github.com/open-telemetry/opentelemetry-collector-contrib/receiver/mysqlreceiver/internal/metadata/generated_metrics.go:377.39,378.25 1 0
github.com/open-telemetry/opentelemetry-collector-contrib/receiver/mysqlreceiver/internal/metadata/generated_metrics.go:379.35,380.21 1 0
github.com/open-telemetry/opentelemetry-collector-contrib/receiver/mysqlreceiver/internal/metadata/generated_metrics.go:381.39,382.25 1 0
github.com/open-telemetry/opentelemetry-collector-contrib/receiver/mysqlreceiver/internal/metadata/generated_metrics.go:383.47,384.35 1 0
github.com/open-telemetry/opentelemetry-collector-contrib/receiver/mysqlreceiver/internal/metadata/generated_metrics.go:385.43,386.30 1 0
github.com/open-telemetry/opentelemetry-collector-contrib/receiver/mysqlreceiver/internal/metadata/generated_metrics.go:387.42,388.29 1 0
github.com/open-telemetry/opentelemetry-collector-contrib/receiver/mysqlreceiver/internal/metadata/generated_metrics.go:389.35,390.21 1 0
github.com/open-telemetry/opentelemetry-collector-contrib/receiver/mysqlreceiver/internal/metadata/generated_metrics.go:391.38,392.25 1 0
github.com/open-telemetry/opentelemetry-collector-contrib/receiver/mysqlreceiver/internal/metadata/generated_metrics.go:394.2,394.11 1 0
github.com/open-telemetry/opentelemetry-collector-contrib/receiver/mysqlreceiver/internal/metadata/generated_metrics.go:437.44,438.12 1 0
github.com/open-telemetry/opentelemetry-collector-contrib/receiver/mysqlreceiver/internal/metadata/generated_metrics.go:439.30,440.18 1 0
github.com/open-telemetry/opentelemetry-collector-contrib/receiver/mysqlreceiver/internal/metadata/generated_metrics.go:441.30,442.18 1 0
github.com/open-telemetry/opentelemetry-collector-contrib/receiver/mysqlreceiver/internal/metadata/generated_metrics.go:443.32,444.20 1 0
github.com/open-telemetry/opentelemetry-collector-contrib/receiver/mysqlreceiver/internal/metadata/generated_metrics.go:445.36,446.25 1 0
github.com/open-telemetry/opentelemetry-collector-contrib/receiver/mysqlreceiver/internal/metadata/generated_metrics.go:447.31,448.20 1 0
github.com/open-telemetry/opentelemetry-collector-contrib/receiver/mysqlreceiver/internal/metadata/generated_metrics.go:449.31,450.19 1 0
github.com/open-telemetry/opentelemetry-collector-contrib/receiver/mysqlreceiver/internal/metadata/generated_metrics.go:451.33,452.22 1 0
github.com/open-telemetry/opentelemetry-collector-contrib/receiver/mysqlreceiver/internal/metadata/generated_metrics.go:453.31,454.20 1 0
github.com/open-telemetry/opentelemetry-collector-contrib/receiver/mysqlreceiver/internal/metadata/generated_metrics.go:455.32,456.21 1 0
github.com/open-telemetry/opentelemetry-collector-contrib/receiver/mysqlreceiver/internal/metadata/generated_metrics.go:457.32,458.21 1 0
github.com/open-telemetry/opentelemetry-collector-contrib/receiver/mysqlreceiver/internal/metadata/generated_metrics.go:459.32,460.21 1 0
github.com/open-telemetry/opentelemetry-collector-contrib/receiver/mysqlreceiver/internal/metadata/generated_metrics.go:461.31,462.20 1 0
github.com/open-telemetry/opentelemetry-collector-contrib/receiver/mysqlreceiver/internal/metadata/generated_metrics.go:463.35,464.25 1 0
github.com/open-telemetry/opentelemetry-collector-contrib/receiver/mysqlreceiver/internal/metadata/generated_metrics.go:465.32,466.20 1 0
github.com/open-telemetry/opentelemetry-collector-contrib/receiver/mysqlreceiver/internal/metadata/generated_metrics.go:467.33,468.21 1 0
github.com/open-telemetry/opentelemetry-collector-contrib/receiver/mysqlreceiver/internal/metadata/generated_metrics.go:469.41,470.30 1 0
github.com/open-telemetry/opentelemetry-collector-contrib/receiver/mysqlreceiver/internal/metadata/generated_metrics.go:471.30,472.18 1 0
github.com/open-telemetry/opentelemetry-collector-contrib/receiver/mysqlreceiver/internal/metadata/generated_metrics.go:473.29,474.17 1 0
github.com/open-telemetry/opentelemetry-collector-contrib/receiver/mysqlreceiver/internal/metadata/generated_metrics.go:476.2,476.11 1 0
github.com/open-telemetry/opentelemetry-collector-contrib/receiver/mysqlreceiver/internal/metadata/generated_metrics.go:513.54,514.12 1 0
github.com/open-telemetry/opentelemetry-collector-contrib/receiver/mysqlreceiver/internal/metadata/generated_metrics.go:515.40,516.18 1 0
github.com/open-telemetry/opentelemetry-collector-contrib/receiver/mysqlreceiver/internal/metadata/generated_metrics.go:517.39,518.17 1 0
github.com/open-telemetry/opentelemetry-collector-contrib/receiver/mysqlreceiver/internal/metadata/generated_metrics.go:519.40,520.18 1 0
github.com/open-telemetry/opentelemetry-collector-contrib/receiver/mysqlreceiver/internal/metadata/generated_metrics.go:521.40,522.18 1 0
github.com/open-telemetry/opentelemetry-collector-contrib/receiver/mysqlreceiver/internal/metadata/generated_metrics.go:524.2,524.11 1 0
github.com/open-telemetry/opentelemetry-collector-contrib/receiver/mysqlreceiver/internal/metadata/generated_metrics.go:548.45,549.12 1 0
github.com/open-telemetry/opentelemetry-collector-contrib/receiver/mysqlreceiver/internal/metadata/generated_metrics.go:550.29,551.16 1 0
github.com/open-telemetry/opentelemetry-collector-contrib/receiver/mysqlreceiver/internal/metadata/generated_metrics.go:552.34,553.22 1 0
github.com/open-telemetry/opentelemetry-collector-contrib/receiver/mysqlreceiver/internal/metadata/generated_metrics.go:554.30,555.17 1 0
github.com/open-telemetry/opentelemetry-collector-contrib/receiver/mysqlreceiver/internal/metadata/generated_metrics.go:556.35,557.23 1 0
github.com/open-telemetry/opentelemetry-collector-contrib/receiver/mysqlreceiver/internal/metadata/generated_metrics.go:558.29,559.16 1 0
github.com/open-telemetry/opentelemetry-collector-contrib/receiver/mysqlreceiver/internal/metadata/generated_metrics.go:561.2,561.11 1 0
github.com/open-telemetry/opentelemetry-collector-contrib/receiver/mysqlreceiver/internal/metadata/generated_metrics.go:583.42,584.12 1 0
github.com/open-telemetry/opentelemetry-collector-contrib/receiver/mysqlreceiver/internal/metadata/generated_metrics.go:585.31,586.21 1 0
github.com/open-telemetry/opentelemetry-collector-contrib/receiver/mysqlreceiver/internal/metadata/generated_metrics.go:587.28,588.18 1 0
github.com/open-telemetry/opentelemetry-collector-contrib/receiver/mysqlreceiver/internal/metadata/generated_metrics.go:590.2,590.11 1 0
github.com/open-telemetry/opentelemetry-collector-contrib/receiver/mysqlreceiver/internal/metadata/generated_metrics.go:611.50,612.12 1 0
github.com/open-telemetry/opentelemetry-collector-contrib/receiver/mysqlreceiver/internal/metadata/generated_metrics.go:613.35,614.17 1 0
github.com/open-telemetry/opentelemetry-collector-contrib/receiver/mysqlreceiver/internal/metadata/generated_metrics.go:615.43,616.26 1 0
github.com/open-telemetry/opentelemetry-collector-contrib/receiver/mysqlreceiver/internal/metadata/generated_metrics.go:617.36,618.18 1 0
github.com/open-telemetry/opentelemetry-collector-contrib/receiver/mysqlreceiver/internal/metadata/generated_metrics.go:619.36,620.18 1 0
github.com/open-telemetry/opentelemetry-collector-contrib/receiver/mysqlreceiver/internal/metadata/generated_metrics.go:622.2,622.11 1 0
github.com/open-telemetry/opentelemetry-collector-contrib/receiver/mysqlreceiver/internal/metadata/generated_metrics.go:643.50,644.12 1 0
github.com/open-telemetry/opentelemetry-collector-contrib/receiver/mysqlreceiver/internal/metadata/generated_metrics.go:645.39,646.21 1 0
github.com/open-telemetry/opentelemetry-collector-contrib/receiver/mysqlreceiver/internal/metadata/generated_metrics.go:647.36,648.18 1 0
github.com/open-telemetry/opentelemetry-collector-contrib/receiver/mysqlreceiver/internal/metadata/generated_metrics.go:650.2,650.11 1 0
github.com/open-telemetry/opentelemetry-collector-contrib/receiver/mysqlreceiver/internal/metadata/generated_metrics.go:670.52,671.12 1 0
github.com/open-telemetry/opentelemetry-collector-contrib/receiver/mysqlreceiver/internal/metadata/generated_metrics.go:672.36,673.16 1 0
github.com/open-telemetry/opentelemetry-collector-contrib/receiver/mysqlreceiver/internal/metadata/generated_metrics.go:674.47,675.28 1 0
github.com/open-telemetry/opentelemetry-collector-contrib/receiver/mysqlreceiver/internal/metadata/generated_metrics.go:676.37,677.17 1 0
github.com/open-telemetry/opentelemetry-collector-contrib/receiver/mysqlreceiver/internal/metadata/generated_metrics.go:679.2,679.11 1 0
github.com/open-telemetry/opentelemetry-collector-contrib/receiver/mysqlreceiver/internal/metadata/generated_metrics.go:700.47,701.12 1 0
github.com/open-telemetry/opentelemetry-collector-contrib/receiver/mysqlreceiver/internal/metadata/generated_metrics.go:702.33,703.18 1 0
github.com/open-telemetry/opentelemetry-collector-contrib/receiver/mysqlreceiver/internal/metadata/generated_metrics.go:704.32,705.17 1 0
github.com/open-telemetry/opentelemetry-collector-contrib/receiver/mysqlreceiver/internal/metadata/generated_metrics.go:706.33,707.18 1 0
github.com/open-telemetry/opentelemetry-collector-contrib/receiver/mysqlreceiver/internal/metadata/generated_metrics.go:709.2,709.11 1 0
github.com/open-telemetry/opentelemetry-collector-contrib/receiver/mysqlreceiver/internal/metadata/generated_metrics.go:730.51,731.12 1 0
github.com/open-telemetry/opentelemetry-collector-contrib/receiver/mysqlreceiver/internal/metadata/generated_metrics.go:732.38,733.19 1 0
[...]
github.com/open-telemetry/opentelemetry-collector-contrib/receiver/mysqlreceiver/internal/metadata/generated_metrics.go:3991.2,3991.29 1 0
github.com/open-telemetry/opentelemetry-collector-contrib/receiver/mysqlreceiver/internal/metadata/generated_metrics.go:3991.29,3993.3 1 0
github.com/open-telemetry/opentelemetry-collector-contrib/receiver/mysqlreceiver/internal/metadata/generated_metrics.go:3994.2,3994.11 1 0
github.com/open-telemetry/opentelemetry-collector-contrib/receiver/mysqlreceiver/internal/metadata/generated_metrics.go:3998.65,4000.2 1 0
github.com/open-telemetry/opentelemetry-collector-contrib/receiver/mysqlreceiver/internal/metadata/generated_metrics.go:4003.70,4004.66 1 0
github.com/open-telemetry/opentelemetry-collector-contrib/receiver/mysqlreceiver/internal/metadata/generated_metrics.go:4004.66,4006.3 1 0
github.com/open-telemetry/opentelemetry-collector-contrib/receiver/mysqlreceiver/internal/metadata/generated_metrics.go:4016.73,4018.2 1 0
github.com/open-telemetry/opentelemetry-collector-contrib/receiver/mysqlreceiver/internal/metadata/generated_metrics.go:4022.63,4023.68 1 0
github.com/open-telemetry/opentelemetry-collector-contrib/receiver/mysqlreceiver/internal/metadata/generated_metrics.go:4023.68,4025.3 1 0
github.com/open-telemetry/opentelemetry-collector-contrib/receiver/mysqlreceiver/internal/metadata/generated_metrics.go:4030.75,4031.68 1 0
github.com/open-telemetry/opentelemetry-collector-contrib/receiver/mysqlreceiver/internal/metadata/generated_metrics.go:4031.68,4034.38 3 0
github.com/open-telemetry/opentelemetry-collector-contrib/receiver/mysqlreceiver/internal/metadata/generated_metrics.go:4034.38,4035.32 1 0
github.com/open-telemetry/opentelemetry-collector-contrib/receiver/mysqlreceiver/internal/metadata/generated_metrics.go:4036.33,4037.45 1 0
github.com/open-telemetry/opentelemetry-collector-contrib/receiver/mysqlreceiver/internal/metadata/generated_metrics.go:4038.31,4039.43 1 0
github.com/open-telemetry/opentelemetry-collector-contrib/receiver/mysqlreceiver/internal/metadata/generated_metrics.go:4041.4,4041.35 1 0
github.com/open-telemetry/opentelemetry-collector-contrib/receiver/mysqlreceiver/internal/metadata/generated_metrics.go:4041.35,4043.5 1 0
github.com/open-telemetry/opentelemetry-collector-contrib/receiver/mysqlreceiver/internal/metadata/generated_metrics.go:4053.77,4108.29 54 0
github.com/open-telemetry/opentelemetry-collector-contrib/receiver/mysqlreceiver/internal/metadata/generated_metrics.go:4108.29,4110.3 1 0
github.com/open-telemetry/opentelemetry-collector-contrib/receiver/mysqlreceiver/internal/metadata/generated_metrics.go:4111.2,4111.62 1 0
github.com/open-telemetry/opentelemetry-collector-contrib/receiver/mysqlreceiver/internal/metadata/generated_metrics.go:4111.62,4112.93 1 0
github.com/open-telemetry/opentelemetry-collector-contrib/receiver/mysqlreceiver/internal/metadata/generated_metrics.go:4112.93,4114.4 1 0
github.com/open-telemetry/opentelemetry-collector-contrib/receiver/mysqlreceiver/internal/metadata/generated_metrics.go:4116.2,4116.62 1 0
github.com/open-telemetry/opentelemetry-collector-contrib/receiver/mysqlreceiver/internal/metadata/generated_metrics.go:4116.62,4117.92 1 0
github.com/open-telemetry/opentelemetry-collector-contrib/receiver/mysqlreceiver/internal/metadata/generated_metrics.go:4117.92,4119.4 1 0
github.com/open-telemetry/opentelemetry-collector-contrib/receiver/mysqlreceiver/internal/metadata/generated_metrics.go:4122.2,4122.29 1 0
github.com/open-telemetry/opentelemetry-collector-contrib/receiver/mysqlreceiver/internal/metadata/generated_metrics.go:4122.29,4125.3 2 0
github.com/open-telemetry/opentelemetry-collector-contrib/receiver/mysqlreceiver/internal/metadata/generated_metrics.go:4131.82,4136.2 4 0
github.com/open-telemetry/opentelemetry-collector-contrib/receiver/mysqlreceiver/internal/metadata/generated_metrics.go:4139.154,4141.2 1 0
github.com/open-telemetry/opentelemetry-collector-contrib/receiver/mysqlreceiver/internal/metadata/generated_metrics.go:4144.108,4146.16 2 0
github.com/open-telemetry/opentelemetry-collector-contrib/receiver/mysqlreceiver/internal/metadata/generated_metrics.go:4146.16,4148.3 1 0
github.com/open-telemetry/opentelemetry-collector-contrib/receiver/mysqlreceiver/internal/metadata/generated_metrics.go:4149.2,4150.12 2 0
github.com/open-telemetry/opentelemetry-collector-contrib/receiver/mysqlreceiver/internal/metadata/generated_metrics.go:4154.179,4156.16 2 0
github.com/open-telemetry/opentelemetry-collector-contrib/receiver/mysqlreceiver/internal/metadata/generated_metrics.go:4156.16,4158.3 1 0
github.com/open-telemetry/opentelemetry-collector-contrib/receiver/mysqlreceiver/internal/metadata/generated_metrics.go:4159.2,4160.12 2 0
github.com/open-telemetry/opentelemetry-collector-contrib/receiver/mysqlreceiver/internal/metadata/generated_metrics.go:4164.114,4166.16 2 0
github.com/open-telemetry/opentelemetry-collector-contrib/receiver/mysqlreceiver/internal/metadata/generated_metrics.go:4166.16,4168.3 1 0
github.com/open-telemetry/opentelemetry-collector-contrib/receiver/mysqlreceiver/internal/metadata/generated_metrics.go:4169.2,4170.12 2 0
github.com/open-telemetry/opentelemetry-collector-contrib/receiver/mysqlreceiver/internal/metadata/generated_metrics.go:4174.164,4176.16 2 0
github.com/open-telemetry/opentelemetry-collector-contrib/receiver/mysqlreceiver/internal/metadata/generated_metrics.go:4176.16,4178.3 1 0
github.com/open-telemetry/opentelemetry-collector-contrib/receiver/mysqlreceiver/internal/metadata/generated_metrics.go:4179.2,4180.12 2 0
github.com/open-telemetry/opentelemetry-collector-contrib/receiver/mysqlreceiver/internal/metadata/generated_metrics.go:4184.150,4186.2 1 0
github.com/open-telemetry/opentelemetry-collector-contrib/receiver/mysqlreceiver/internal/metadata/generated_metrics.go:4189.152,4191.16 2 0
github.com/open-telemetry/opentelemetry-collector-contrib/receiver/mysqlreceiver/internal/metadata/generated_metrics.go:4191.16,4193.3 1 0
github.com/open-telemetry/opentelemetry-collector-contrib/receiver/mysqlreceiver/internal/metadata/generated_metrics.go:4194.2,4195.12 2 0
github.com/open-telemetry/opentelemetry-collector-contrib/receiver/mysqlreceiver/internal/metadata/generated_metrics.go:4199.141,4201.16 2 0
github.com/open-telemetry/opentelemetry-collector-contrib/receiver/mysqlreceiver/internal/metadata/generated_metrics.go:4201.16,4203.3 1 0
github.com/open-telemetry/opentelemetry-collector-contrib/receiver/mysqlreceiver/internal/metadata/generated_metrics.go:4204.2,4205.12 2 0
github.com/open-telemetry/opentelemetry-collector-contrib/receiver/mysqlreceiver/internal/metadata/generated_metrics.go:4209.108,4211.16 2 0
github.com/open-telemetry/opentelemetry-collector-contrib/receiver/mysqlreceiver/internal/metadata/generated_metrics.go:4211.16,4213.3 1 0
github.com/open-telemetry/opentelemetry-collector-contrib/receiver/mysqlreceiver/internal/metadata/generated_metrics.go:4214.2,4215.12 2 0
github.com/open-telemetry/opentelemetry-collector-contrib/receiver/mysqlreceiver/internal/metadata/generated_metrics.go:4219.165,4221.16 2 0
github.com/open-telemetry/opentelemetry-collector-contrib/receiver/mysqlreceiver/internal/metadata/generated_metrics.go:4221.16,4223.3 1 0
github.com/open-telemetry/opentelemetry-collector-contrib/receiver/mysqlreceiver/internal/metadata/generated_metrics.go:4224.2,4225.12 2 0
github.com/open-telemetry/opentelemetry-collector-contrib/receiver/mysqlreceiver/internal/metadata/generated_metrics.go:4229.155,4231.16 2 0
github.com/open-telemetry/opentelemetry-collector-contrib/receiver/mysqlreceiver/internal/metadata/generated_metrics.go:4231.16,4233.3 1 0
github.com/open-telemetry/opentelemetry-collector-contrib/receiver/mysqlreceiver/internal/metadata/generated_metrics.go:4234.2,4235.12 2 0
github.com/open-telemetry/opentelemetry-collector-contrib/receiver/mysqlreceiver/internal/metadata/generated_metrics.go:4239.141,4241.16 2 0
github.com/open-telemetry/opentelemetry-collector-contrib/receiver/mysqlreceiver/internal/metadata/generated_metrics.go:4241.16,4243.3 1 0
github.com/open-telemetry/opentelemetry-collector-contrib/receiver/mysqlreceiver/internal/metadata/generated_metrics.go:4244.2,4245.12 2 0
github.com/open-telemetry/opentelemetry-collector-contrib/receiver/mysqlreceiver/internal/metadata/generated_metrics.go:4249.250,4251.2 1 0
github.com/open-telemetry/opentelemetry-collector-contrib/receiver/mysqlreceiver/internal/metadata/generated_metrics.go:4254.249,4256.2 1 0
github.com/open-telemetry/opentelemetry-collector-contrib/receiver/mysqlreceiver/internal/metadata/generated_metrics.go:4259.140,4261.16 2 0
github.com/open-telemetry/opentelemetry-collector-contrib/receiver/mysqlreceiver/internal/metadata/generated_metrics.go:4261.16,4263.3 1 0
github.com/open-telemetry/opentelemetry-collector-contrib/receiver/mysqlreceiver/internal/metadata/generated_metrics.go:4264.2,4265.12 2 0
github.com/open-telemetry/opentelemetry-collector-contrib/receiver/mysqlreceiver/internal/metadata/generated_metrics.go:4269.134,4271.16 2 0
github.com/open-telemetry/opentelemetry-collector-contrib/receiver/mysqlreceiver/internal/metadata/generated_metrics.go:4271.16,4273.3 1 0
github.com/open-telemetry/opentelemetry-collector-contrib/receiver/mysqlreceiver/internal/metadata/generated_metrics.go:4274.2,4275.12 2 0
github.com/open-telemetry/opentelemetry-collector-contrib/receiver/mysqlreceiver/internal/metadata/generated_metrics.go:4279.158,4281.16 2 0
github.com/open-telemetry/opentelemetry-collector-contrib/receiver/mysqlreceiver/internal/metadata/generated_metrics.go:4281.16,4283.3 1 0
github.com/open-telemetry/opentelemetry-collector-contrib/receiver/mysqlreceiver/internal/metadata/generated_metrics.go:4284.2,4285.12 2 0
github.com/open-telemetry/opentelemetry-collector-contrib/receiver/mysqlreceiver/internal/metadata/generated_metrics.go:4289.111,4291.16 2 0
github.com/open-telemetry/opentelemetry-collector-contrib/receiver/mysqlreceiver/internal/metadata/generated_metrics.go:4291.16,4293.3 1 0
github.com/open-telemetry/opentelemetry-collector-contrib/receiver/mysqlreceiver/internal/metadata/generated_metrics.go:4294.2,4295.12 2 0
github.com/open-telemetry/opentelemetry-collector-contrib/receiver/mysqlreceiver/internal/metadata/generated_metrics.go:4299.168,4301.16 2 0
github.com/open-telemetry/opentelemetry-collector-contrib/receiver/mysqlreceiver/internal/metadata/generated_metrics.go:4301.16,4303.3 1 0
github.com/open-telemetry/opentelemetry-collector-contrib/receiver/mysqlreceiver/internal/metadata/generated_metrics.go:4304.2,4305.12 2 0
github.com/open-telemetry/opentelemetry-collector-contrib/receiver/mysqlreceiver/internal/metadata/generated_metrics.go:4309.164,4311.16 2 0
github.com/open-telemetry/opentelemetry-collector-contrib/receiver/mysqlreceiver/internal/metadata/generated_metrics.go:4311.16,4313.3 1 0
github.com/open-telemetry/opentelemetry-collector-contrib/receiver/mysqlreceiver/internal/metadata/generated_metrics.go:4314.2,4315.12 2 0
github.com/open-telemetry/opentelemetry-collector-contrib/receiver/mysqlreceiver/internal/metadata/generated_metrics.go:4319.164,4321.16 2 0
github.com/open-telemetry/opentelemetry-collector-contrib/receiver/mysqlreceiver/internal/metadata/generated_metrics.go:4321.16,4323.3 1 0
github.com/open-telemetry/opentelemetry-collector-contrib/receiver/mysqlreceiver/internal/metadata/generated_metrics.go:4324.2,4325.12 2 0
github.com/open-telemetry/opentelemetry-collector-contrib/receiver/mysqlreceiver/internal/metadata/generated_metrics.go:4329.149,4331.16 2 0
github.com/open-telemetry/opentelemetry-collector-contrib/receiver/mysqlreceiver/internal/metadata/generated_metrics.go:4331.16,4333.3 1 0
github.com/open-telemetry/opentelemetry-collector-contrib/receiver/mysqlreceiver/internal/metadata/generated_metrics.go:4334.2,4335.12 2 0
github.com/open-telemetry/opentelemetry-collector-contrib/receiver/mysqlreceiver/internal/metadata/generated_metrics.go:4339.161,4341.16 2 0
github.com/open-telemetry/opentelemetry-collector-contrib/receiver/mysqlreceiver/internal/metadata/generated_metrics.go:4341.16,4343.3 1 0
github.com/open-telemetry/opentelemetry-collector-contrib/receiver/mysqlreceiver/internal/metadata/generated_metrics.go:4344.2,4345.12 2 0
github.com/open-telemetry/opentelemetry-collector-contrib/receiver/mysqlreceiver/internal/metadata/generated_metrics.go:4349.101,4351.16 2 0
github.com/open-telemetry/opentelemetry-collector-contrib/receiver/mysqlreceiver/internal/metadata/generated_metrics.go:4351.16,4353.3 1 0
github.com/open-telemetry/opentelemetry-collector-contrib/receiver/mysqlreceiver/internal/metadata/generated_metrics.go:4354.2,4355.12 2 0
github.com/open-telemetry/opentelemetry-collector-contrib/receiver/mysqlreceiver/internal/metadata/generated_metrics.go:4359.187,4361.16 2 0
github.com/open-telemetry/opentelemetry-collector-contrib/receiver/mysqlreceiver/internal/metadata/generated_metrics.go:4361.16,4363.3 1 0
github.com/open-telemetry/opentelemetry-collector-contrib/receiver/mysqlreceiver/internal/metadata/generated_metrics.go:4364.2,4365.12 2 0
github.com/open-telemetry/opentelemetry-collector-contrib/receiver/mysqlreceiver/internal/metadata/generated_metrics.go:4369.109,4371.16 2 0
github.com/open-telemetry/opentelemetry-collector-contrib/receiver/mysqlreceiver/internal/metadata/generated_metrics.go:4371.16,4373.3 1 0
github.com/open-telemetry/opentelemetry-collector-contrib/receiver/mysqlreceiver/internal/metadata/generated_metrics.go:4374.2,4375.12 2 0
github.com/open-telemetry/opentelemetry-collector-contrib/receiver/mysqlreceiver/internal/metadata/generated_metrics.go:4379.103,4381.16 2 0
github.com/open-telemetry/opentelemetry-collector-contrib/receiver/mysqlreceiver/internal/metadata/generated_metrics.go:4381.16,4383.3 1 0
github.com/open-telemetry/opentelemetry-collector-contrib/receiver/mysqlreceiver/internal/metadata/generated_metrics.go:4384.2,4385.12 2 0
github.com/open-telemetry/opentelemetry-collector-contrib/receiver/mysqlreceiver/internal/metadata/generated_metrics.go:4389.107,4391.16 2 0
github.com/open-telemetry/opentelemetry-collector-contrib/receiver/mysqlreceiver/internal/metadata/generated_metrics.go:4391.16,4393.3 1 0
github.com/open-telemetry/opentelemetry-collector-contrib/receiver/mysqlreceiver/internal/metadata/generated_metrics.go:4394.2,4395.12 2 0
github.com/open-telemetry/opentelemetry-collector-contrib/receiver/mysqlreceiver/internal/metadata/generated_metrics.go:4399.96,4401.2 1 0
github.com/open-telemetry/opentelemetry-collector-contrib/receiver/mysqlreceiver/internal/metadata/generated_metrics.go:4404.104,4406.2 1 0
github.com/open-telemetry/opentelemetry-collector-contrib/receiver/mysqlreceiver/internal/metadata/generated_metrics.go:4409.143,4411.16 2 0
github.com/open-telemetry/opentelemetry-collector-contrib/receiver/mysqlreceiver/internal/metadata/generated_metrics.go:4411.16,4413.3 1 0
github.com/open-telemetry/opentelemetry-collector-contrib/receiver/mysqlreceiver/internal/metadata/generated_metrics.go:4414.2,4415.12 2 0
github.com/open-telemetry/opentelemetry-collector-contrib/receiver/mysqlreceiver/internal/metadata/generated_metrics.go:4419.158,4421.16 2 0
github.com/open-telemetry/opentelemetry-collector-contrib/receiver/mysqlreceiver/internal/metadata/generated_metrics.go:4421.16,4423.3 1 0
github.com/open-telemetry/opentelemetry-collector-contrib/receiver/mysqlreceiver/internal/metadata/generated_metrics.go:4424.2,4425.12 2 0
github.com/open-telemetry/opentelemetry-collector-contrib/receiver/mysqlreceiver/internal/metadata/generated_metrics.go:4429.134,4431.16 2 0
github.com/open-telemetry/opentelemetry-collector-contrib/receiver/mysqlreceiver/internal/metadata/generated_metrics.go:4431.16,4433.3 1 0
github.com/open-telemetry/opentelemetry-collector-contrib/receiver/mysqlreceiver/internal/metadata/generated_metrics.go:4434.2,4435.12 2 0
github.com/open-telemetry/opentelemetry-collector-contrib/receiver/mysqlreceiver/internal/metadata/generated_metrics.go:4439.237,4441.2 1 0
github.com/open-telemetry/opentelemetry-collector-contrib/receiver/mysqlreceiver/internal/metadata/generated_metrics.go:4444.194,4446.2 1 0
github.com/open-telemetry/opentelemetry-collector-contrib/receiver/mysqlreceiver/internal/metadata/generated_metrics.go:4449.163,4451.2 1 0
github.com/open-telemetry/opentelemetry-collector-contrib/receiver/mysqlreceiver/internal/metadata/generated_metrics.go:4454.218,4456.2 1 0
github.com/open-telemetry/opentelemetry-collector-contrib/receiver/mysqlreceiver/internal/metadata/generated_metrics.go:4459.217,4461.2 1 0
github.com/open-telemetry/opentelemetry-collector-contrib/receiver/mysqlreceiver/internal/metadata/generated_metrics.go:4464.214,4466.2 1 0
github.com/open-telemetry/opentelemetry-collector-contrib/receiver/mysqlreceiver/internal/metadata/generated_metrics.go:4469.213,4471.2 1 0
github.com/open-telemetry/opentelemetry-collector-contrib/receiver/mysqlreceiver/internal/metadata/generated_metrics.go:4474.217,4476.2 1 0
github.com/open-telemetry/opentelemetry-collector-contrib/receiver/mysqlreceiver/internal/metadata/generated_metrics.go:4479.216,4481.2 1 0
github.com/open-telemetry/opentelemetry-collector-contrib/receiver/mysqlreceiver/internal/metadata/generated_metrics.go:4484.151,4486.2 1 0
github.com/open-telemetry/opentelemetry-collector-contrib/receiver/mysqlreceiver/internal/metadata/generated_metrics.go:4489.203,4491.2 1 0
github.com/open-telemetry/opentelemetry-collector-contrib/receiver/mysqlreceiver/internal/metadata/generated_metrics.go:4494.155,4496.16 2 0
github.com/open-telemetry/opentelemetry-collector-contrib/receiver/mysqlreceiver/internal/metadata/generated_metrics.go:4496.16,4498.3 1 0
github.com/open-telemetry/opentelemetry-collector-contrib/receiver/mysqlreceiver/internal/metadata/generated_metrics.go:4499.2,4500.12 2 0
github.com/open-telemetry/opentelemetry-collector-contrib/receiver/mysqlreceiver/internal/metadata/generated_metrics.go:4504.140,4506.16 2 0
github.com/open-telemetry/opentelemetry-collector-contrib/receiver/mysqlreceiver/internal/metadata/generated_metrics.go:4506.16,4508.3 1 0
github.com/open-telemetry/opentelemetry-collector-contrib/receiver/mysqlreceiver/internal/metadata/generated_metrics.go:4509.2,4510.12 2 0
github.com/open-telemetry/opentelemetry-collector-contrib/receiver/mysqlreceiver/internal/metadata/generated_metrics.go:4514.153,4516.16 2 0
github.com/open-telemetry/opentelemetry-collector-contrib/receiver/mysqlreceiver/internal/metadata/generated_metrics.go:4516.16,4518.3 1 0
github.com/open-telemetry/opentelemetry-collector-contrib/receiver/mysqlreceiver/internal/metadata/generated_metrics.go:4519.2,4520.12 2 0
github.com/open-telemetry/opentelemetry-collector-contrib/receiver/mysqlreceiver/internal/metadata/generated_metrics.go:4524.99,4526.16 2 0
github.com/open-telemetry/opentelemetry-collector-contrib/receiver/mysqlreceiver/internal/metadata/generated_metrics.go:4526.16,4528.3 1 0
github.com/open-telemetry/opentelemetry-collector-contrib/receiver/mysqlreceiver/internal/metadata/generated_metrics.go:4529.2,4530.12 2 0
github.com/open-telemetry/opentelemetry-collector-contrib/receiver/mysqlreceiver/internal/metadata/generated_metrics.go:4535.65,4537.29 2 0
github.com/open-telemetry/opentelemetry-collector-contrib/receiver/mysqlreceiver/internal/metadata/generated_metrics.go:4537.29,4539.3 1 0
github.com/open-telemetry/opentelemetry-collector-contrib/receiver/mysqlreceiver/internal/metadata/generated_resource.go:17.72,22.2 1 0
github.com/open-telemetry/opentelemetry-collector-contrib/receiver/mysqlreceiver/internal/metadata/generated_resource.go:25.65,26.45 1 0
github.com/open-telemetry/opentelemetry-collector-contrib/receiver/mysqlreceiver/internal/metadata/generated_resource.go:26.45,28.3 1 0
github.com/open-telemetry/opentelemetry-collector-contrib/receiver/mysqlreceiver/internal/metadata/generated_resource.go:32.52,36.2 3 0
